#!/home/frederic/gnuplot/bin/gnuplot
#
#    
#    	G N U P L O T
#    	Version 4.6 patchlevel 0    last modified 2012-03-04 
#    	Build System: Linux i686
#    
#    	Copyright (C) 1986-1993, 1998, 2004, 2007-2012
#    	Thomas Williams, Colin Kelley and many others
#    
#    	gnuplot home:     http://www.gnuplot.info
#    	faq, bugs, etc:   type "help FAQ"
#    	immediate help:   type "help"  (plot window: hit 'h')
a = 0.0326368000923914
b = 4.95186826629068
c = 312.426379922553
d = 10490.5067825669
e = 197686.50332177
f = 1981971.90586785
g = 8257969.9818574
GPFUN_ERR = "ERR(x) = a*x**6 + b*x**5 + c*x**4 + d*x**3 + e*x**2 + f*x + g"
FIT_LIMIT = 1e-08
FIT_CONVERGED = 1
a_err = 0.0221428427102661
b_err = 3.56844647295307
c_err = 239.594954459381
d_err = 8579.04170534809
e_err = 172777.151583367
f_err = 1855651.66383396
g_err = 8303462.73693181
FIT_NDF = 93
FIT_STDFIT = 0.00166886706904377
FIT_WSSR = 0.000259015908354904
#    EOF
