     1     27.983157  KICKH
     2     76.661586  KICKH
     3     98.616189  KICKH
     4    128.063760  KICKH
     5    157.708852  KICKH
     6    187.365990  KICKH
     7    217.023128  KICKH
     8    246.680266  KICKH
     9    276.337404  KICKH
    10    305.994542  KICKH
    11    335.651680  KICKH
    12    365.308818  KICKH
    13    394.965956  KICKH
    14    424.623094  KICKH
    15    454.280232  KICKH
    16    483.937370  KICKH
    17    511.381961  KICKH
    18    540.829532  KICKH
    19    562.784135  KICKH
    20    611.462264  KICKH
    21    675.873607  KICKH
    22    723.236707  KICKH
    23    750.637876  KICKH
    24    780.062458  KICKH
    25    809.661567  KICKH
    26    839.248633  KICKH
    27    868.835699  KICKH
    28    898.422765  KICKH
    29    928.009831  KICKH
    30    957.596897  KICKH
    31    987.183963  KICKH
    32   1016.771030  KICKH
    33   1046.358090  KICKH
    34   1075.945160  KICKH
    35   1105.532230  KICKH
    36   1137.331840  KICKH
    37   1166.756420  KICKH
    38   1229.213420  KICKH
    39   1241.520690  KICKH
    40   1305.932030  KICKH
    41   1354.610160  KICKH
    42   1376.564770  KICKH
    43   1406.012340  KICKH
    44   1435.657430  KICKH
    45   1465.314570  KICKH
    46   1494.971700  KICKH
    47   1524.628840  KICKH
    48   1554.285980  KICKH
    49   1583.943120  KICKH
    50   1613.600260  KICKH
    51   1643.257390  KICKH
    52   1672.914530  KICKH
    53   1702.571670  KICKH
    54   1732.228810  KICKH
    55   1761.885950  KICKH
    56   1789.330540  KICKH
    57   1818.778110  KICKH
    58   1840.732710  KICKH
    59   1889.410840  KICKH
    60   1953.822180  KICKH
    61   2001.185280  KICKH
    62   2028.586450  KICKH
    63   2058.011030  KICKH
    64   2087.610140  KICKH
    65   2117.197210  KICKH
    66   2146.784270  KICKH
    67   2176.371340  KICKH
    68   2205.958410  KICKH
    69   2235.545470  KICKH
    70   2265.132540  KICKH
    71   2294.719600  KICKH
    72   2324.306670  KICKH
    73   2353.893740  KICKH
    74   2383.480800  KICKH
    75   2415.280410  KICKH
    76   2444.704990  KICKH
    77   2472.106160  KICKH
    78   2519.469260  KICKH
    79   2583.880610  KICKH
    80   2632.558740  KICKH
    81   2654.513340  KICKH
    82   2683.960910  KICKH
    83   2713.606000  KICKH
    84   2743.263140  KICKH
    85   2772.920280  KICKH
    86   2802.577420  KICKH
    87   2832.234550  KICKH
    88   2861.891690  KICKH
    89   2891.548830  KICKH
    90   2921.205970  KICKH
    91   2950.863110  KICKH
    92   2980.520240  KICKH
    93   3010.177380  KICKH
    94   3039.834520  KICKH
    95   3067.279110  KICKH
    96   3096.726680  KICKH
    97   3118.681290  KICKH
    98   3167.359410  KICKH
    99   3231.770360  KICKH
   100   3279.133460  KICKH
   101   3306.534630  KICKH
   102   3335.959210  KICKH
   103   3365.558320  KICKH
   104   3395.145390  KICKH
   105   3424.732450  KICKH
   106   3454.319520  KICKH
   107   3483.906580  KICKH
   108   3513.493650  KICKH
   109   3543.080720  KICKH
   110   3572.667780  KICKH
   111   3602.254850  KICKH
   112   3631.841910  KICKH
   113   3661.428980  KICKH
   114   3693.228590  KICKH
   115   3722.653170  KICKH
   116   3750.054340  KICKH
   117   3797.417740  KICKH
