 dx-, dx+, du_Z, itraj :   1.9681E-01   1.0477E-01   3.0578E+00    1
 dx-, dx+, du_Z, itraj :   3.9240E-01   3.3270E-01   4.1266E+00    2
 dx-, dx+, du_Z, itraj :   6.6352E-01   6.7405E-01   6.0563E+00    3
 dx-, dx+, du_Z, itraj :   5.8817E-01   5.6183E-01   7.1250E+00    4
 dx-, dx+, du_Z, itraj :   7.2899E-01   7.4032E-01   8.6767E+00    5
 dx-, dx+, du_Z, itraj :   9.3274E-01   1.0423E+00   1.0925E+01    6
 dx-, dx+, du_Z, itraj :   1.0826E+00   1.3112E+00   1.4259E+01    7
 #  prec, Ndx, nTrnIn :   1.0000000E-06          10         499
 # 
 #    0.000000       1.574729      0.6772144     -0.4563484               1           0
 #   0.1047652       1.452352      0.6772144     -0.4563484               1           0
 #   0.2095304       1.205843      0.6772144     -0.4563484               1           0
 #   0.3142956      0.8913816      0.6772144     -0.4563484               1           0
 #   0.4190608      0.6167483      0.6772144     -0.4563484               1           0
 #   0.5238260      0.3469790      0.6772144     -0.4563484               1           0
 #   0.6285912      1.0498166E-03  0.6772144     -0.4563484               1           0
 #   0.7333564       0.000000      0.6772144     -0.4563484               1           0
 #   0.8381216       0.000000      0.6772144     -0.4563484               1           1
 #   0.9428868       0.000000      0.6772144     -0.4563484               1           2
 #    1.047652      6.2007710E-02  0.6772144     -0.4563484               1           3
 #    1.152417      6.8643421E-02  0.6772144     -0.4563484               1           3
 #    1.257182      0.1828008      0.6772144     -0.4563484               1           3
 #    1.361948       0.000000      0.6772144     -0.4563484               1           3
 #  -0.1968067       1.494217      0.6772144     -0.4563484               1           0
 #  -0.3936134      0.9926439      0.6772144     -0.4563484               1           0
 #  -0.5904200      0.3208152      0.6772144     -0.4563484               1           0
 #  -0.7872268       0.000000      0.6772144     -0.4563484               1           0
 #  -0.9840335       0.000000      0.6772144     -0.4563484               1           1
 #   -1.180840      9.6950553E-02  0.6772144     -0.4563484               1           2
 #   -1.377647      4.3737981E-02  0.6772144     -0.4563484               1           2
 #   -1.574454       0.000000      0.6772144     -0.4563484               1           2
 #   -1.771260       0.000000      0.6772144     -0.4563484               1           3
  -1.771260       0.000000      0.6772144       1.000000     -0.4563484    
  -1.574454       0.000000      0.6772144       1.000000     -0.4563484    
  -1.377647      4.3737981E-02  0.6772144       1.000000     -0.4563484    
  -1.180840      9.6950553E-02  0.6772144       1.000000     -0.4563484    
 -0.9840335       0.000000      0.6772144       1.000000     -0.4563484    
 -0.7872268       0.000000      0.6772144       1.000000     -0.4563484    
 -0.5904200      0.3208152      0.6772144       1.000000     -0.4563484    
 -0.3936134      0.9926439      0.6772144       1.000000     -0.4563484    
 -0.1968067       1.494217      0.6772144       1.000000     -0.4563484    
   0.000000       1.574729      0.6772144       1.000000     -0.4563484    
  0.1047652       1.452352      0.6772144       1.000000     -0.4563484    
  0.2095304       1.205843      0.6772144       1.000000     -0.4563484    
  0.3142956      0.8913816      0.6772144       1.000000     -0.4563484    
  0.4190608      0.6167483      0.6772144       1.000000     -0.4563484    
  0.5238260      0.3469790      0.6772144       1.000000     -0.4563484    
  0.6285912      1.0498166E-03  0.6772144       1.000000     -0.4563484    
  0.7333564       0.000000      0.6772144       1.000000     -0.4563484    
  0.8381216       0.000000      0.6772144       1.000000     -0.4563484    
  0.9428868       0.000000      0.6772144       1.000000     -0.4563484    
   1.047652      6.2007710E-02  0.6772144       1.000000     -0.4563484    
   1.152417      6.8643421E-02  0.6772144       1.000000     -0.4563484    
   1.257182      0.1828008      0.6772144       1.000000     -0.4563484    
   1.361948       0.000000      0.6772144       1.000000     -0.4563484    
 #    0.000000       1.647688      0.8063034     -0.4229497               2           0
 #   0.3327050       1.759106      0.8063034     -0.4229497               2           0
 #   0.6654100       2.717304      0.8063034     -0.4229497               2           0
 #   0.9981149      0.6834568      0.8063034     -0.4229497               2           0
 #    1.330820      0.3240937      0.8063034     -0.4229497               2           0
 #    1.663525      0.9389286      0.8063034     -0.4229497               2           0
 #    1.996230       1.001157      0.8063034     -0.4229497               2           0
 #    2.328935       1.526336      0.8063034     -0.4229497               2           0
 #    2.661640       0.000000      0.8063034     -0.4229497               2           0
 #    2.994345       0.000000      0.8063034     -0.4229497               2           1
 #    3.327050       0.000000      0.8063034     -0.4229497               2           2
 #    3.659755       0.000000      0.8063034     -0.4229497               2           3
 #  -0.3923999       1.696742      0.8063034     -0.4229497               2           0
 #  -0.7847998       1.579508      0.8063034     -0.4229497               2           0
 #   -1.177200      9.9832453E-02  0.8063034     -0.4229497               2           0
 #   -1.569600      0.8569740      0.8063034     -0.4229497               2           0
 #   -1.962000      0.6914513      0.8063034     -0.4229497               2           0
 #   -2.354399      0.2115020      0.8063034     -0.4229497               2           0
 #   -2.746799       0.000000      0.8063034     -0.4229497               2           0
 #   -3.139199       0.000000      0.8063034     -0.4229497               2           1
 #   -3.531599       0.000000      0.8063034     -0.4229497               2           2
 #   -3.923999       0.000000      0.8063034     -0.4229497               2           3
  -3.923999       0.000000      0.8063034       2.000000     -0.4229497    
  -3.531599       0.000000      0.8063034       2.000000     -0.4229497    
  -3.139199       0.000000      0.8063034       2.000000     -0.4229497    
  -2.746799       0.000000      0.8063034       2.000000     -0.4229497    
  -2.354399      0.2115020      0.8063034       2.000000     -0.4229497    
  -1.962000      0.6914513      0.8063034       2.000000     -0.4229497    
  -1.569600      0.8569740      0.8063034       2.000000     -0.4229497    
  -1.177200      9.9832453E-02  0.8063034       2.000000     -0.4229497    
 -0.7847998       1.579508      0.8063034       2.000000     -0.4229497    
 -0.3923999       1.696742      0.8063034       2.000000     -0.4229497    
   0.000000       1.647688      0.8063034       2.000000     -0.4229497    
  0.3327050       1.759106      0.8063034       2.000000     -0.4229497    
  0.6654100       2.717304      0.8063034       2.000000     -0.4229497    
  0.9981149      0.6834568      0.8063034       2.000000     -0.4229497    
   1.330820      0.3240937      0.8063034       2.000000     -0.4229497    
   1.663525      0.9389286      0.8063034       2.000000     -0.4229497    
   1.996230       1.001157      0.8063034       2.000000     -0.4229497    
   2.328935       1.526336      0.8063034       2.000000     -0.4229497    
   2.661640       0.000000      0.8063034       2.000000     -0.4229497    
   2.994345       0.000000      0.8063034       2.000000     -0.4229497    
   3.327050       0.000000      0.8063034       2.000000     -0.4229497    
   3.659755       0.000000      0.8063034       2.000000     -0.4229497    
 #    0.000000       2.507819      0.9353924     -0.2594575               3           0
 #   0.6740542       2.578920      0.9353924     -0.2594575               3           0
 #    1.348108       1.815742      0.9353924     -0.2594575               3           0
 #    2.022163      0.2875988      0.9353924     -0.2594575               3           0
 #    2.696217       0.000000      0.9353924     -0.2594575               3           0
 #    3.370271      3.7253206E-04  0.9353924     -0.2594575               3           1
 #    4.044325       0.000000      0.9353924     -0.2594575               3           1
 #    4.718379       0.000000      0.9353924     -0.2594575               3           2
 #    5.392434       0.000000      0.9353924     -0.2594575               3           3
 #  -0.6635190       2.465480      0.9353924     -0.2594575               3           0
 #   -1.327038       1.754128      0.9353924     -0.2594575               3           0
 #   -1.990557      0.2128522      0.9353924     -0.2594575               3           0
 #   -2.654076       0.000000      0.9353924     -0.2594575               3           0
 #   -3.317595      5.7756901E-05  0.9353924     -0.2594575               3           1
 #   -3.981114       0.000000      0.9353924     -0.2594575               3           1
 #   -4.644633       0.000000      0.9353924     -0.2594575               3           2
 #   -5.308152       0.000000      0.9353924     -0.2594575               3           3
  -5.308152       0.000000      0.9353924       3.000000     -0.2594575    
  -4.644633       0.000000      0.9353924       3.000000     -0.2594575    
  -3.981114       0.000000      0.9353924       3.000000     -0.2594575    
  -3.317595      5.7756901E-05  0.9353924       3.000000     -0.2594575    
  -2.654076       0.000000      0.9353924       3.000000     -0.2594575    
  -1.990557      0.2128522      0.9353924       3.000000     -0.2594575    
  -1.327038       1.754128      0.9353924       3.000000     -0.2594575    
 -0.6635190       2.465480      0.9353924       3.000000     -0.2594575    
   0.000000       2.507819      0.9353924       3.000000     -0.2594575    
  0.6740542       2.578920      0.9353924       3.000000     -0.2594575    
   1.348108       1.815742      0.9353924       3.000000     -0.2594575    
   2.022163      0.2875988      0.9353924       3.000000     -0.2594575    
   2.696217       0.000000      0.9353924       3.000000     -0.2594575    
   3.370271      3.7253206E-04  0.9353924       3.000000     -0.2594575    
   4.044325       0.000000      0.9353924       3.000000     -0.2594575    
   4.718379       0.000000      0.9353924       3.000000     -0.2594575    
   5.392434       0.000000      0.9353924       3.000000     -0.2594575    
 #    0.000000       2.972024      0.9999369     -0.1317047               4           0
 #   0.5618295       3.026044      0.9999369     -0.1317047               4           0
 #    1.123659       3.456393      0.9999369     -0.1317047               4           0
 #    1.685488       1.026656      0.9999369     -0.1317047               4           0
 #    2.247318      2.8893100E-02  0.9999369     -0.1317047               4           0
 #    2.809148      0.5193161      0.9999369     -0.1317047               4           0
 #    3.370977      0.3952695      0.9999369     -0.1317047               4           0
 #    3.932807       0.000000      0.9999369     -0.1317047               4           0
 #    4.494636       0.000000      0.9999369     -0.1317047               4           1
 #    5.056466       0.000000      0.9999369     -0.1317047               4           2
 #    5.618295       0.000000      0.9999369     -0.1317047               4           3
 #  -0.5881705       2.991993      0.9999369     -0.1317047               4           0
 #   -1.176341       3.483933      0.9999369     -0.1317047               4           0
 #   -1.764511      0.4427830      0.9999369     -0.1317047               4           0
 #   -2.352682      0.2132843      0.9999369     -0.1317047               4           0
 #   -2.940852      0.4757657      0.9999369     -0.1317047               4           0
 #   -3.529023      4.7048092E-02  0.9999369     -0.1317047               4           0
 #   -4.117193       0.000000      0.9999369     -0.1317047               4           0
 #   -4.705364      3.4790039E-03  0.9999369     -0.1317047               4           1
 #   -5.293534       0.000000      0.9999369     -0.1317047               4           1
 #   -5.881705       0.000000      0.9999369     -0.1317047               4           2
 #   -6.469875       0.000000      0.9999369     -0.1317047               4           3
  -6.469875       0.000000      0.9999369       4.000000     -0.1317047    
  -5.881705       0.000000      0.9999369       4.000000     -0.1317047    
  -5.293534       0.000000      0.9999369       4.000000     -0.1317047    
  -4.705364      3.4790039E-03  0.9999369       4.000000     -0.1317047    
  -4.117193       0.000000      0.9999369       4.000000     -0.1317047    
  -3.529023      4.7048092E-02  0.9999369       4.000000     -0.1317047    
  -2.940852      0.4757657      0.9999369       4.000000     -0.1317047    
  -2.352682      0.2132843      0.9999369       4.000000     -0.1317047    
  -1.764511      0.4427830      0.9999369       4.000000     -0.1317047    
  -1.176341       3.483933      0.9999369       4.000000     -0.1317047    
 -0.5881705       2.991993      0.9999369       4.000000     -0.1317047    
   0.000000       2.972024      0.9999369       4.000000     -0.1317047    
  0.5618295       3.026044      0.9999369       4.000000     -0.1317047    
   1.123659       3.456393      0.9999369       4.000000     -0.1317047    
   1.685488       1.026656      0.9999369       4.000000     -0.1317047    
   2.247318      2.8893100E-02  0.9999369       4.000000     -0.1317047    
   2.809148      0.5193161      0.9999369       4.000000     -0.1317047    
   3.370977      0.3952695      0.9999369       4.000000     -0.1317047    
   3.932807       0.000000      0.9999369       4.000000     -0.1317047    
   4.494636       0.000000      0.9999369       4.000000     -0.1317047    
   5.056466       0.000000      0.9999369       4.000000     -0.1317047    
   5.618295       0.000000      0.9999369       4.000000     -0.1317047    
 #    0.000000       3.439016       1.064481      2.5257440E-02           5           0
 #   0.7403187       3.568494       1.064481      2.5257440E-02           5           0
 #    1.480637       3.660049       1.064481      2.5257440E-02           5           0
 #    2.220956      8.7262379E-06   1.064481      2.5257440E-02           5           0
 #    2.961275      0.4195392       1.064481      2.5257440E-02           5           0
 #    3.701593      0.6834397       1.064481      2.5257440E-02           5           0
 #    4.441912      0.3840736       1.064481      2.5257440E-02           5           0
 #    5.182230       0.000000       1.064481      2.5257440E-02           5           0
 #    5.922549       0.000000       1.064481      2.5257440E-02           5           1
 #    6.662868       0.000000       1.064481      2.5257440E-02           5           2
 #    7.403186       0.000000       1.064481      2.5257440E-02           5           3
 #  -0.7289928       3.497597       1.064481      2.5257440E-02           5           0
 #   -1.457986       2.947657       1.064481      2.5257440E-02           5           0
 #   -2.186978      4.7788773E-05   1.064481      2.5257440E-02           5           0
 #   -2.915971      0.3873959       1.064481      2.5257440E-02           5           0
 #   -3.644964      0.6336774       1.064481      2.5257440E-02           5           0
 #   -4.373957       0.000000       1.064481      2.5257440E-02           5           0
 #   -5.102950       0.000000       1.064481      2.5257440E-02           5           1
 #   -5.831943       0.000000       1.064481      2.5257440E-02           5           2
 #   -6.560935       0.000000       1.064481      2.5257440E-02           5           3
  -6.560935       0.000000       1.064481       5.000000      2.5257440E-02
  -5.831943       0.000000       1.064481       5.000000      2.5257440E-02
  -5.102950       0.000000       1.064481       5.000000      2.5257440E-02
  -4.373957       0.000000       1.064481       5.000000      2.5257440E-02
  -3.644964      0.6336774       1.064481       5.000000      2.5257440E-02
  -2.915971      0.3873959       1.064481       5.000000      2.5257440E-02
  -2.186978      4.7788773E-05   1.064481       5.000000      2.5257440E-02
  -1.457986       2.947657       1.064481       5.000000      2.5257440E-02
 -0.7289928       3.497597       1.064481       5.000000      2.5257440E-02
   0.000000       3.439016       1.064481       5.000000      2.5257440E-02
  0.7403187       3.568494       1.064481       5.000000      2.5257440E-02
   1.480637       3.660049       1.064481       5.000000      2.5257440E-02
   2.220956      8.7262379E-06   1.064481       5.000000      2.5257440E-02
   2.961275      0.4195392       1.064481       5.000000      2.5257440E-02
   3.701593      0.6834397       1.064481       5.000000      2.5257440E-02
   4.441912      0.3840736       1.064481       5.000000      2.5257440E-02
   5.182230       0.000000       1.064481       5.000000      2.5257440E-02
   5.922549       0.000000       1.064481       5.000000      2.5257440E-02
   6.662868       0.000000       1.064481       5.000000      2.5257440E-02
   7.403186       0.000000       1.064481       5.000000      2.5257440E-02
 #    0.000000       4.446412       1.193570      0.4225602               6           0
 #    1.042323       8.956443       1.193570      0.4225602               6           0
 #    2.084646       2.379771       1.193570      0.4225602               6           0
 #    3.126969       0.000000       1.193570      0.4225602               6           0
 #    4.169292      0.7240480       1.193570      0.4225602               6           1
 #    5.211615      0.2617265       1.193570      0.4225602               6           1
 #    6.253938       0.000000       1.193570      0.4225602               6           1
 #    7.296261       0.000000       1.193570      0.4225602               6           2
 #    8.338584       0.000000       1.193570      0.4225602               6           3
 #  -0.9327440       4.930405       1.193570      0.4225602               6           0
 #   -1.865488       4.633390       1.193570      0.4225602               6           0
 #   -2.798232       0.000000       1.193570      0.4225602               6           0
 #   -3.730976      0.5127177       1.193570      0.4225602               6           1
 #   -4.663720      6.7722802E-05   1.193570      0.4225602               6           1
 #   -5.596464      5.9908634E-04   1.193570      0.4225602               6           1
 #   -6.529208       0.000000       1.193570      0.4225602               6           1
 #   -7.461952       0.000000       1.193570      0.4225602               6           2
 #   -8.394696       0.000000       1.193570      0.4225602               6           3
  -8.394696       0.000000       1.193570       6.000000      0.4225602    
  -7.461952       0.000000       1.193570       6.000000      0.4225602    
  -6.529208       0.000000       1.193570       6.000000      0.4225602    
  -5.596464      5.9908634E-04   1.193570       6.000000      0.4225602    
  -4.663720      6.7722802E-05   1.193570       6.000000      0.4225602    
  -3.730976      0.5127177       1.193570       6.000000      0.4225602    
  -2.798232       0.000000       1.193570       6.000000      0.4225602    
  -1.865488       4.633390       1.193570       6.000000      0.4225602    
 -0.9327440       4.930405       1.193570       6.000000      0.4225602    
   0.000000       4.446412       1.193570       6.000000      0.4225602    
   1.042323       8.956443       1.193570       6.000000      0.4225602    
   2.084646       2.379771       1.193570       6.000000      0.4225602    
   3.126969       0.000000       1.193570       6.000000      0.4225602    
   4.169292      0.7240480       1.193570       6.000000      0.4225602    
   5.211615      0.2617265       1.193570       6.000000      0.4225602    
   6.253938       0.000000       1.193570       6.000000      0.4225602    
   7.296261       0.000000       1.193570       6.000000      0.4225602    
   8.338584       0.000000       1.193570       6.000000      0.4225602    
 #    0.000000       5.656616       1.322659      0.9241929               7           0
 #    1.311169       9.474103       1.322659      0.9241929               7           0
 #    2.622338      0.5233803       1.322659      0.9241929               7           0
 #    3.933506       0.000000       1.322659      0.9241929               7           0
 #    5.244676      0.8098651       1.322659      0.9241929               7           1
 #    6.555845       0.000000       1.322659      0.9241929               7           1
 #    7.867013       0.000000       1.322659      0.9241929               7           2
 #    9.178183       0.000000       1.322659      0.9241929               7           3
 #   -1.082581       12.49408       1.322659      0.9241929               7           0
 #   -2.165162       4.031895       1.322659      0.9241929               7           0
 #   -3.247743       0.000000       1.322659      0.9241929               7           0
 #   -4.330324      5.7700850E-02   1.322659      0.9241929               7           1
 #   -5.412905      0.9441005       1.322659      0.9241929               7           1
 #   -6.495486       1.561405       1.322659      0.9241929               7           1
 #   -7.578067      1.0125693E-04   1.322659      0.9241929               7           1
 #   -8.660648       0.000000       1.322659      0.9241929               7           1
 #   -9.743229       0.000000       1.322659      0.9241929               7           2
 #   -10.82581       0.000000       1.322659      0.9241929               7           3
  -10.82581       0.000000       1.322659       7.000000      0.9241929    
  -9.743229       0.000000       1.322659       7.000000      0.9241929    
  -8.660648       0.000000       1.322659       7.000000      0.9241929    
  -7.578067      1.0125693E-04   1.322659       7.000000      0.9241929    
  -6.495486       1.561405       1.322659       7.000000      0.9241929    
  -5.412905      0.9441005       1.322659       7.000000      0.9241929    
  -4.330324      5.7700850E-02   1.322659       7.000000      0.9241929    
  -3.247743       0.000000       1.322659       7.000000      0.9241929    
  -2.165162       4.031895       1.322659       7.000000      0.9241929    
  -1.082581       12.49408       1.322659       7.000000      0.9241929    
   0.000000       5.656616       1.322659       7.000000      0.9241929    
   1.311169       9.474103       1.322659       7.000000      0.9241929    
   2.622338      0.5233803       1.322659       7.000000      0.9241929    
   3.933506       0.000000       1.322659       7.000000      0.9241929    
   5.244676      0.8098651       1.322659       7.000000      0.9241929    
   6.555845       0.000000       1.322659       7.000000      0.9241929    
   7.867013       0.000000       1.322659       7.000000      0.9241929    
   9.178183       0.000000       1.322659       7.000000      0.9241929    
