 dx-, dx+, du_Z, itraj :  -1.9563E+00   1.0437E+00   2.9688E+00    1
 dx-, dx+, du_Z, itraj :  -3.8605E+00   3.3270E+00   3.1172E+00    2
 dx-, dx+, du_Z, itraj :  -6.4470E+00   6.7405E+00   4.7500E+00    3
 dx-, dx+, du_Z, itraj :  -5.8817E+00   5.6183E+00   5.2250E+00    4
 dx-, dx+, du_Z, itraj :  -7.2716E+00   7.4003E+00   6.5313E+00    5
 dx-, dx+, du_Z, itraj :  -9.3274E+00   1.0423E+01   8.4312E+00    6
 dx-, dx+, du_Z, itraj :  -1.0826E+01   1.3112E+01   1.0688E+01    7
 #  prec, Ndx, nTrnIn :   9.99999978E-03          10         499
 # 
 # xst-xst0, zDA, dpp, xst0, jo, klost
 # 
 #    0.0000000       1.5655518      0.67721444     -0.45634839               1           0
 #   0.14285716       1.3576269      0.67721444     -0.45634839               1           0
 #   0.28571430      0.97579432      0.67721444     -0.45634839               1           0
 #   0.42857146      0.57983398      0.67721444     -0.45634839               1           0
 #   0.57142860      0.19714355      0.67721444     -0.45634839               1           0
 #   0.71428573       0.0000000      0.67721444     -0.45634839               1           0
 #   0.85714293       0.0000000      0.67721444     -0.45634839               1           1
 #    1.0000000       0.0000000      0.67721444     -0.45634839               1           2
 #  -0.14285716       1.5539551      0.67721444     -0.45634839               1           0
 #  -0.28571430       1.3111496      0.67721444     -0.45634839               1           0
 #  -0.42857143      0.88092864      0.67721444     -0.45634839               1           0
 #  -0.57142854      0.40588379      0.67721444     -0.45634839               1           0
 #  -0.71428573       0.0000000      0.67721444     -0.45634839               1           0
 #  -0.85714293       0.0000000      0.67721444     -0.45634839               1           1
 #   -1.0000000       0.0000000      0.67721444     -0.45634839               1           2
  -1.0000000       0.0000000      0.67721444       1.0000000     -0.45634839    
 -0.85714293       0.0000000      0.67721444       1.0000000     -0.45634839    
 -0.71428573       0.0000000      0.67721444       1.0000000     -0.45634839    
 -0.57142854      0.40588379      0.67721444       1.0000000     -0.45634839    
 -0.42857143      0.88092864      0.67721444       1.0000000     -0.45634839    
 -0.28571430       1.3111496      0.67721444       1.0000000     -0.45634839    
 -0.14285716       1.5539551      0.67721444       1.0000000     -0.45634839    
   0.0000000       1.5655518      0.67721444       1.0000000     -0.45634839    
  0.14285716       1.3576269      0.67721444       1.0000000     -0.45634839    
  0.28571430      0.97579432      0.67721444       1.0000000     -0.45634839    
  0.42857146      0.57983398      0.67721444       1.0000000     -0.45634839    
  0.57142860      0.19714355      0.67721444       1.0000000     -0.45634839    
  0.71428573       0.0000000      0.67721444       1.0000000     -0.45634839    
  0.85714293       0.0000000      0.67721444       1.0000000     -0.45634839    
   1.0000000       0.0000000      0.67721444       1.0000000     -0.45634839    
 #    0.0000000       1.6438293      0.80630344     -0.42294970               2           0
 #   0.34226191       1.7594111      0.80630344     -0.42294970               2           0
 #   0.68452382       2.6116261      0.80630344     -0.42294970               2           0
 #    1.0267857      0.42846990      0.80630344     -0.42294970               2           0
 #    1.3690476      0.37747192      0.80630344     -0.42294970               2           0
 #    1.7113096       1.0228271      0.80630344     -0.42294970               2           0
 #    2.0535715       1.1986256      0.80630344     -0.42294970               2           0
 #    2.3958335       1.0300689      0.80630344     -0.42294970               2           0
 #    2.7380953       0.0000000      0.80630344     -0.42294970               2           0
 #    3.0803573       0.0000000      0.80630344     -0.42294970               2           1
 #    3.4226191       0.0000000      0.80630344     -0.42294970               2           2
 #  -0.34226188       1.6681824      0.80630344     -0.42294970               2           0
 #  -0.68452382       1.9939992      0.80630344     -0.42294970               2           0
 #   -1.0267857      0.31156236      0.80630344     -0.42294970               2           0
 #   -1.3690476      0.41400146      0.80630344     -0.42294970               2           0
 #   -1.7113096      0.99847412      0.80630344     -0.42294970               2           0
 #   -2.0535715      0.52359009      0.80630344     -0.42294970               2           0
 #   -2.3958333      7.30590820E-02  0.80630344     -0.42294970               2           0
 #   -2.7380953       0.0000000      0.80630344     -0.42294970               2           0
 #   -3.0803571       0.0000000      0.80630344     -0.42294970               2           1
 #   -3.4226191       0.0000000      0.80630344     -0.42294970               2           2
  -3.4226191       0.0000000      0.80630344       2.0000000     -0.42294970    
  -3.0803571       0.0000000      0.80630344       2.0000000     -0.42294970    
  -2.7380953       0.0000000      0.80630344       2.0000000     -0.42294970    
  -2.3958333      7.30590820E-02  0.80630344       2.0000000     -0.42294970    
  -2.0535715      0.52359009      0.80630344       2.0000000     -0.42294970    
  -1.7113096      0.99847412      0.80630344       2.0000000     -0.42294970    
  -1.3690476      0.41400146      0.80630344       2.0000000     -0.42294970    
  -1.0267857      0.31156236      0.80630344       2.0000000     -0.42294970    
 -0.68452382       1.9939992      0.80630344       2.0000000     -0.42294970    
 -0.34226188       1.6681824      0.80630344       2.0000000     -0.42294970    
   0.0000000       1.6438293      0.80630344       2.0000000     -0.42294970    
  0.34226191       1.7594111      0.80630344       2.0000000     -0.42294970    
  0.68452382       2.6116261      0.80630344       2.0000000     -0.42294970    
   1.0267857      0.42846990      0.80630344       2.0000000     -0.42294970    
   1.3690476      0.37747192      0.80630344       2.0000000     -0.42294970    
   1.7113096       1.0228271      0.80630344       2.0000000     -0.42294970    
   2.0535715       1.1986256      0.80630344       2.0000000     -0.42294970    
   2.3958335       1.0300689      0.80630344       2.0000000     -0.42294970    
   2.7380953       0.0000000      0.80630344       2.0000000     -0.42294970    
   3.0803573       0.0000000      0.80630344       2.0000000     -0.42294970    
   3.4226191       0.0000000      0.80630344       2.0000000     -0.42294970    
 #    0.0000000       2.4677734      0.93539244     -0.25945750               3           0
 #   0.62797618       2.5448914      0.93539244     -0.25945750               3           0
 #    1.2559524       2.4653635      0.93539244     -0.25945750               3           0
 #    1.8839285      5.77819571E-02  0.93539244     -0.25945750               3           0
 #    2.5119047      0.11132813      0.93539244     -0.25945750               3           0
 #    3.1398809       0.0000000      0.93539244     -0.25945750               3           0
 #    3.7678571       1.9296875      0.93539244     -0.25945750               3           1
 #    4.3958335       0.0000000      0.93539244     -0.25945750               3           0
 #    5.0238094       0.0000000      0.93539244     -0.25945750               3           1
 #    5.6517859       0.0000000      0.93539244     -0.25945750               3           2
 #  -0.62797618       2.4492188      0.93539244     -0.25945750               3           0
 #   -1.2559524       2.2196045      0.93539244     -0.25945750               3           0
 #   -1.8839287      8.67033005E-02  0.93539244     -0.25945750               3           0
 #   -2.5119047       0.0000000      0.93539244     -0.25945750               3           0
 #   -3.1398809       0.0000000      0.93539244     -0.25945750               3           1
 #   -3.7678571      0.31542969      0.93539244     -0.25945750               3           2
 #   -4.3958330       0.0000000      0.93539244     -0.25945750               3           0
 #   -5.0238094       0.0000000      0.93539244     -0.25945750               3           1
 #   -5.6517854       0.0000000      0.93539244     -0.25945750               3           2
  -5.6517854       0.0000000      0.93539244       3.0000000     -0.25945750    
  -5.0238094       0.0000000      0.93539244       3.0000000     -0.25945750    
  -4.3958330       0.0000000      0.93539244       3.0000000     -0.25945750    
  -3.7678571      0.31542969      0.93539244       3.0000000     -0.25945750    
  -3.1398809       0.0000000      0.93539244       3.0000000     -0.25945750    
  -2.5119047       0.0000000      0.93539244       3.0000000     -0.25945750    
  -1.8839287      8.67033005E-02  0.93539244       3.0000000     -0.25945750    
  -1.2559524       2.2196045      0.93539244       3.0000000     -0.25945750    
 -0.62797618       2.4492188      0.93539244       3.0000000     -0.25945750    
   0.0000000       2.4677734      0.93539244       3.0000000     -0.25945750    
  0.62797618       2.5448914      0.93539244       3.0000000     -0.25945750    
   1.2559524       2.4653635      0.93539244       3.0000000     -0.25945750    
   1.8839285      5.77819571E-02  0.93539244       3.0000000     -0.25945750    
   2.5119047      0.11132813      0.93539244       3.0000000     -0.25945750    
   3.1398809       0.0000000      0.93539244       3.0000000     -0.25945750    
   3.7678571       1.9296875      0.93539244       3.0000000     -0.25945750    
   4.3958335       0.0000000      0.93539244       3.0000000     -0.25945750    
   5.0238094       0.0000000      0.93539244       3.0000000     -0.25945750    
   5.6517859       0.0000000      0.93539244       3.0000000     -0.25945750    
 #    0.0000000       2.9696772      0.99993694     -0.13170470               4           0
 #   0.54761904       3.0392792      0.99993694     -0.13170470               4           0
 #    1.0952381       3.3954449      0.99993694     -0.13170470               4           0
 #    1.6428571       1.3661361      0.99993694     -0.13170470               4           0
 #    2.1904762       0.0000000      0.99993694     -0.13170470               4           0
 #    2.7380953      0.50004882      0.99993694     -0.13170470               4           1
 #    3.2857144      0.44902340      0.99993694     -0.13170470               4           0
 #    3.8333335       0.0000000      0.99993694     -0.13170470               4           0
 #    4.3809524       0.0000000      0.99993694     -0.13170470               4           1
 #    4.9285717       0.0000000      0.99993694     -0.13170470               4           2
 #  -0.54761904       2.9696772      0.99993694     -0.13170470               4           0
 #   -1.0952381       3.2596850      0.99993694     -0.13170470               4           0
 #   -1.6428572       1.2733144      0.99993694     -0.13170470               4           0
 #   -2.1904762       0.0000000      0.99993694     -0.13170470               4           0
 #   -2.7380950      0.50004882      0.99993694     -0.13170470               4           1
 #   -3.2857141      0.41840819      0.99993694     -0.13170470               4           0
 #   -3.8333333       0.0000000      0.99993694     -0.13170470               4           0
 #   -4.3809524       0.0000000      0.99993694     -0.13170470               4           1
 #   -4.9285712       0.0000000      0.99993694     -0.13170470               4           2
  -4.9285712       0.0000000      0.99993694       4.0000000     -0.13170470    
  -4.3809524       0.0000000      0.99993694       4.0000000     -0.13170470    
  -3.8333333       0.0000000      0.99993694       4.0000000     -0.13170470    
  -3.2857141      0.41840819      0.99993694       4.0000000     -0.13170470    
  -2.7380950      0.50004882      0.99993694       4.0000000     -0.13170470    
  -2.1904762       0.0000000      0.99993694       4.0000000     -0.13170470    
  -1.6428572       1.2733144      0.99993694       4.0000000     -0.13170470    
  -1.0952381       3.2596850      0.99993694       4.0000000     -0.13170470    
 -0.54761904       2.9696772      0.99993694       4.0000000     -0.13170470    
   0.0000000       2.9696772      0.99993694       4.0000000     -0.13170470    
  0.54761904       3.0392792      0.99993694       4.0000000     -0.13170470    
   1.0952381       3.3954449      0.99993694       4.0000000     -0.13170470    
   1.6428571       1.3661361      0.99993694       4.0000000     -0.13170470    
   2.1904762       0.0000000      0.99993694       4.0000000     -0.13170470    
   2.7380953      0.50004882      0.99993694       4.0000000     -0.13170470    
   3.2857144      0.44902340      0.99993694       4.0000000     -0.13170470    
   3.8333335       0.0000000      0.99993694       4.0000000     -0.13170470    
   4.3809524       0.0000000      0.99993694       4.0000000     -0.13170470    
   4.9285717       0.0000000      0.99993694       4.0000000     -0.13170470    
 #    0.0000000       3.4442139       1.0644814      2.52574403E-02           5           0
 #   0.69866067       3.5787535       1.0644814      2.52574403E-02           5           0
 #    1.3973213       3.8863027       1.0644814      2.52574403E-02           5           0
 #    2.0959821       0.0000000       1.0644814      2.52574403E-02           5           0
 #    2.7946427      0.25512695       1.0644814      2.52574403E-02           5           1
 #    3.4933035      0.59954834       1.0644814      2.52574403E-02           5           0
 #    4.1919637      0.49749756       1.0644814      2.52574403E-02           5           0
 #    4.8906245       0.0000000       1.0644814      2.52574403E-02           5           0
 #    5.5892854       0.0000000       1.0644814      2.52574403E-02           5           1
 #    6.2879457       0.0000000       1.0644814      2.52574403E-02           5           2
 #  -0.69866067       3.4569702       1.0644814      2.52574403E-02           5           0
 #   -1.3973213       3.1463830       1.0644814      2.52574403E-02           5           0
 #   -2.0959818      3.68716754E-02   1.0644814      2.52574403E-02           5           0
 #   -2.7946427      0.19134521       1.0644814      2.52574403E-02           5           0
 #   -3.4933033      0.63781738       1.0644814      2.52574403E-02           5           0
 #   -4.1919641      0.51025391       1.0644814      2.52574403E-02           5           0
 #   -4.8906250       0.0000000       1.0644814      2.52574403E-02           5           0
 #   -5.5892854       0.0000000       1.0644814      2.52574403E-02           5           1
 #   -6.2879462       0.0000000       1.0644814      2.52574403E-02           5           2
  -6.2879462       0.0000000       1.0644814       5.0000000      2.52574403E-02
  -5.5892854       0.0000000       1.0644814       5.0000000      2.52574403E-02
  -4.8906250       0.0000000       1.0644814       5.0000000      2.52574403E-02
  -4.1919641      0.51025391       1.0644814       5.0000000      2.52574403E-02
  -3.4933033      0.63781738       1.0644814       5.0000000      2.52574403E-02
  -2.7946427      0.19134521       1.0644814       5.0000000      2.52574403E-02
  -2.0959818      3.68716754E-02   1.0644814       5.0000000      2.52574403E-02
  -1.3973213       3.1463830       1.0644814       5.0000000      2.52574403E-02
 -0.69866067       3.4569702       1.0644814       5.0000000      2.52574403E-02
   0.0000000       3.4442139       1.0644814       5.0000000      2.52574403E-02
  0.69866067       3.5787535       1.0644814       5.0000000      2.52574403E-02
   1.3973213       3.8863027       1.0644814       5.0000000      2.52574403E-02
   2.0959821       0.0000000       1.0644814       5.0000000      2.52574403E-02
   2.7946427      0.25512695       1.0644814       5.0000000      2.52574403E-02
   3.4933035      0.59954834       1.0644814       5.0000000      2.52574403E-02
   4.1919637      0.49749756       1.0644814       5.0000000      2.52574403E-02
   4.8906245       0.0000000       1.0644814       5.0000000      2.52574403E-02
   5.5892854       0.0000000       1.0644814       5.0000000      2.52574403E-02
   6.2879457       0.0000000       1.0644814       5.0000000      2.52574403E-02
 #    0.0000000       4.4955683       1.1935704      0.42256019               6           0
 #   0.94047618       4.9170280       1.1935704      0.42256019               6           0
 #    1.8809524       4.1871567       1.1935704      0.42256019               6           0
 #    2.8214285       0.0000000       1.1935704      0.42256019               6           0
 #    3.7619047      0.51048583       1.1935704      0.42256019               6           1
 #    4.7023807       1.0539062       1.1935704      0.42256019               6           0
 #    5.6428571      3.29345688E-02   1.1935704      0.42256019               6           0
 #    6.5833330       0.0000000       1.1935704      0.42256019               6           0
 #    7.5238094       0.0000000       1.1935704      0.42256019               6           1
 #    8.4642859       0.0000000       1.1935704      0.42256019               6           2
 #  -0.94047618       4.8907833       1.1935704      0.42256019               6           0
 #   -1.8809524       4.4513764       1.1935704      0.42256019               6           0
 #   -2.8214285       0.0000000       1.1935704      0.42256019               6           0
 #   -3.7619047      0.51048583       1.1935704      0.42256019               6           1
 #   -4.7023811       0.0000000       1.1935704      0.42256019               6           0
 #   -5.6428571       0.0000000       1.1935704      0.42256019               6           1
 #   -6.5833335       0.0000000       1.1935704      0.42256019               6           2
  -6.5833335       0.0000000       1.1935704       6.0000000      0.42256019    
  -5.6428571       0.0000000       1.1935704       6.0000000      0.42256019    
  -4.7023811       0.0000000       1.1935704       6.0000000      0.42256019    
  -3.7619047      0.51048583       1.1935704       6.0000000      0.42256019    
  -2.8214285       0.0000000       1.1935704       6.0000000      0.42256019    
  -1.8809524       4.4513764       1.1935704       6.0000000      0.42256019    
 -0.94047618       4.8907833       1.1935704       6.0000000      0.42256019    
   0.0000000       4.4955683       1.1935704       6.0000000      0.42256019    
  0.94047618       4.9170280       1.1935704       6.0000000      0.42256019    
   1.8809524       4.1871567       1.1935704       6.0000000      0.42256019    
   2.8214285       0.0000000       1.1935704       6.0000000      0.42256019    
   3.7619047      0.51048583       1.1935704       6.0000000      0.42256019    
   4.7023807       1.0539062       1.1935704       6.0000000      0.42256019    
   5.6428571      3.29345688E-02   1.1935704       6.0000000      0.42256019    
   6.5833330       0.0000000       1.1935704       6.0000000      0.42256019    
   7.5238094       0.0000000       1.1935704       6.0000000      0.42256019    
   8.4642859       0.0000000       1.1935704       6.0000000      0.42256019    
 #    0.0000000       5.6777344       1.3226594      0.92419291               7           0
 #    1.1398809       10.113464       1.3226594      0.92419291               7           0
 #    2.2797618       2.6863890       1.3226594      0.92419291               7           0
 #    3.4196429       0.0000000       1.3226594      0.92419291               7           0
 #    4.5595236      0.40704346       1.3226594      0.92419291               7           1
 #    5.6994042      0.78277588       1.3226594      0.92419291               7           0
 #    6.8392854       0.0000000       1.3226594      0.92419291               7           0
 #    7.9791665       0.0000000       1.3226594      0.92419291               7           1
 #    9.1190472       0.0000000       1.3226594      0.92419291               7           2
 #   -1.1398809       10.718811       1.3226594      0.92419291               7           0
 #   -2.2797618       2.8890548       1.3226594      0.92419291               7           0
 #   -3.4196427       0.0000000       1.3226594      0.92419291               7           0
 #   -4.5595236      0.45922852       1.3226594      0.92419291               7           1
 #   -5.6994042       1.1689453       1.3226594      0.92419291               7           0
 #   -6.8392854       0.0000000       1.3226594      0.92419291               7           0
 #   -7.9791665       0.0000000       1.3226594      0.92419291               7           1
 #   -9.1190472       0.0000000       1.3226594      0.92419291               7           2
  -9.1190472       0.0000000       1.3226594       7.0000000      0.92419291    
  -7.9791665       0.0000000       1.3226594       7.0000000      0.92419291    
  -6.8392854       0.0000000       1.3226594       7.0000000      0.92419291    
  -5.6994042       1.1689453       1.3226594       7.0000000      0.92419291    
  -4.5595236      0.45922852       1.3226594       7.0000000      0.92419291    
  -3.4196427       0.0000000       1.3226594       7.0000000      0.92419291    
  -2.2797618       2.8890548       1.3226594       7.0000000      0.92419291    
  -1.1398809       10.718811       1.3226594       7.0000000      0.92419291    
   0.0000000       5.6777344       1.3226594       7.0000000      0.92419291    
   1.1398809       10.113464       1.3226594       7.0000000      0.92419291    
   2.2797618       2.6863890       1.3226594       7.0000000      0.92419291    
   3.4196429       0.0000000       1.3226594       7.0000000      0.92419291    
   4.5595236      0.40704346       1.3226594       7.0000000      0.92419291    
   5.6994042      0.78277588       1.3226594       7.0000000      0.92419291    
   6.8392854       0.0000000       1.3226594       7.0000000      0.92419291    
   7.9791665       0.0000000       1.3226594       7.0000000      0.92419291    
   9.1190472       0.0000000       1.3226594       7.0000000      0.92419291    
