 % Stab. limit coordinates 1-6, tag, traj#, K, xi
 -1.971440E+00  3.898711E+01  0.000000E+00  0.000000E+00  0.0E+00  6.7721E-01 'i'    1 H 
  
 % Stab. limit coordinates 1-6, tag, traj#, K, xi
  1.012935E+00  3.898711E+01  0.000000E+00  0.000000E+00  0.0E+00  6.7721E-01 'i'    1 H 
  
 % Stab. limit coordinates 1-6, tag, traj#, K, xi
 -4.245652E-01  3.898711E+01  1.597946E+00  0.000000E+00  0.0E+00  6.7721E-01 'i'    1 V 
  
 % Stab. limit coordinates 1-6, tag, traj#, K, xi
 -1.971440E+00  3.898711E+01  0.000000E+00  0.000000E+00  0.0E+00  6.7721E-01 'i'    1 H 
  
 % Stab. limit coordinates 1-6, tag, traj#, K, xi
  1.012935E+00  3.898711E+01  0.000000E+00  0.000000E+00  0.0E+00  6.7721E-01 'i'    1 H 
  
 % Stab. limit coordinates 1-6, tag, traj#, K, xi
 -4.245652E-01  3.898711E+01  1.597946E+00  0.000000E+00  0.0E+00  6.7721E-01 'i'    1 V 
  
 % Stab. limit coordinates 1-6, tag, traj#, K, xi
 -1.968067E+00  3.817425E+01  0.000000E+00  0.000000E+00  0.0E+00  6.7721E-01 'i'    1 H 
 -3.923999E+00  2.514280E+01  0.000000E+00  0.000000E+00  0.0E+00  8.0630E-01 'i'    2 H 
 -6.635190E+00  1.265788E+01  0.000000E+00  0.000000E+00  0.0E+00  9.3539E-01 'i'    3 H 
 -5.881705E+00  6.619075E+00  0.000000E+00  0.000000E+00  0.0E+00  9.9994E-01 'i'    4 H 
 -7.289928E+00  7.150837E-01  0.000000E+00  0.000000E+00  0.0E+00  1.0645E+00 'i'    5 H 
 -9.327440E+00 -1.069273E+01  0.000000E+00  0.000000E+00  0.0E+00  1.1936E+00 'i'    6 H 
 -1.082581E+01 -2.157617E+01  0.000000E+00  0.000000E+00  0.0E+00  1.3227E+00 'i'    7 H 
  
 % Stab. limit coordinates 1-6, tag, traj#, K, xi
  1.047652E+00  3.817425E+01  0.000000E+00  0.000000E+00  0.0E+00  6.7721E-01 'i'    1 H 
  3.327050E+00  2.514280E+01  0.000000E+00  0.000000E+00  0.0E+00  8.0630E-01 'i'    2 H 
  6.740542E+00  1.265788E+01  0.000000E+00  0.000000E+00  0.0E+00  9.3539E-01 'i'    3 H 
  5.618295E+00  6.619075E+00  0.000000E+00  0.000000E+00  0.0E+00  9.9994E-01 'i'    4 H 
  7.403187E+00  7.150837E-01  0.000000E+00  0.000000E+00  0.0E+00  1.0645E+00 'i'    5 H 
  1.042323E+01 -1.069273E+01  0.000000E+00  0.000000E+00  0.0E+00  1.1936E+00 'i'    6 H 
  1.311169E+01 -2.157617E+01  0.000000E+00  0.000000E+00  0.0E+00  1.3227E+00 'i'    7 H 
  
 % Stab. limit coordinates 1-6, tag, traj#, K, xi
 -4.563484E-01  3.817425E+01  1.609375E+00  0.000000E+00  0.0E+00  6.7721E-01 'i'    1 V 
 -4.229497E-01  2.514280E+01  2.171875E+00  0.000000E+00  0.0E+00  8.0630E-01 'i'    2 V 
 -2.594575E-01  1.265788E+01  3.187500E+00  0.000000E+00  0.0E+00  9.3539E-01 'i'    3 V 
 -1.317047E-01  6.619075E+00  3.750000E+00  0.000000E+00  0.0E+00  9.9994E-01 'i'    4 V 
  2.525744E-02  7.150837E-01  4.566687E+00  0.000000E+00  0.0E+00  1.0645E+00 'i'    5 V 
  4.225602E-01 -1.069273E+01  5.750000E+00  0.000000E+00  0.0E+00  1.1936E+00 'i'    6 V 
  9.241929E-01 -2.157617E+01  7.504639E+00  0.000000E+00  0.0E+00  1.3227E+00 'i'    7 V 
  
 % Stab. limit coordinates 1-6, tag, traj#, K, xi
 -1.956348E+00  3.817425E+01  0.000000E+00  0.000000E+00  0.0E+00  6.7721E-01 'i'    1 H 
 -3.860450E+00  2.514280E+01  0.000000E+00  0.000000E+00  0.0E+00  8.0630E-01 'i'    2 H 
 -6.446958E+00  1.265788E+01  0.000000E+00  0.000000E+00  0.0E+00  9.3539E-01 'i'    3 H 
 -5.881705E+00  6.619075E+00  0.000000E+00  0.000000E+00  0.0E+00  9.9994E-01 'i'    4 H 
 -7.271617E+00  7.150837E-01  0.000000E+00  0.000000E+00  0.0E+00  1.0645E+00 'i'    5 H 
 -9.327440E+00 -1.069273E+01  0.000000E+00  0.000000E+00  0.0E+00  1.1936E+00 'i'    6 H 
 -1.082581E+01 -2.157617E+01  0.000000E+00  0.000000E+00  0.0E+00  1.3227E+00 'i'    7 H 
  
 % Stab. limit coordinates 1-6, tag, traj#, K, xi
  1.043652E+00  3.817425E+01  0.000000E+00  0.000000E+00  0.0E+00  6.7721E-01 'i'    1 H 
  3.327050E+00  2.514280E+01  0.000000E+00  0.000000E+00  0.0E+00  8.0630E-01 'i'    2 H 
  6.740542E+00  1.265788E+01  0.000000E+00  0.000000E+00  0.0E+00  9.3539E-01 'i'    3 H 
  5.618295E+00  6.619075E+00  0.000000E+00  0.000000E+00  0.0E+00  9.9994E-01 'i'    4 H 
  7.400257E+00  7.150837E-01  0.000000E+00  0.000000E+00  0.0E+00  1.0645E+00 'i'    5 H 
  1.042256E+01 -1.069273E+01  0.000000E+00  0.000000E+00  0.0E+00  1.1936E+00 'i'    6 H 
  1.311169E+01 -2.157617E+01  0.000000E+00  0.000000E+00  0.0E+00  1.3227E+00 'i'    7 H 
  
 % Stab. limit coordinates 1-6, tag, traj#, K, xi
 -4.563484E-01  3.817425E+01  1.562500E+00  0.000000E+00  0.0E+00  6.7721E-01 'i'    1 V 
 -4.229497E-01  2.514280E+01  1.640625E+00  0.000000E+00  0.0E+00  8.0630E-01 'i'    2 V 
 -2.594575E-01  1.265788E+01  2.500000E+00  0.000000E+00  0.0E+00  9.3539E-01 'i'    3 V 
 -1.317047E-01  6.619075E+00  2.750000E+00  0.000000E+00  0.0E+00  9.9994E-01 'i'    4 V 
  2.525744E-02  7.150837E-01  3.437500E+00  0.000000E+00  0.0E+00  1.0645E+00 'i'    5 V 
  4.225602E-01 -1.069273E+01  4.437500E+00  0.000000E+00  0.0E+00  1.1936E+00 'i'    6 V 
  9.241929E-01 -2.157617E+01  5.625000E+00  0.000000E+00  0.0E+00  1.3227E+00 'i'    7 V 
  
 % Stab. limit coordinates 1-6, tag, traj#, K, xi
 -1.956348E+00  3.817425E+01  0.000000E+00  0.000000E+00  0.0E+00  6.7721E-01 'i'    1 H 
 -3.860450E+00  2.514280E+01  0.000000E+00  0.000000E+00  0.0E+00  8.0630E-01 'i'    2 H 
 -6.446958E+00  1.265788E+01  0.000000E+00  0.000000E+00  0.0E+00  9.3539E-01 'i'    3 H 
 -5.881705E+00  6.619075E+00  0.000000E+00  0.000000E+00  0.0E+00  9.9994E-01 'i'    4 H 
 -7.271617E+00  7.150837E-01  0.000000E+00  0.000000E+00  0.0E+00  1.0645E+00 'i'    5 H 
 -9.327440E+00 -1.069273E+01  0.000000E+00  0.000000E+00  0.0E+00  1.1936E+00 'i'    6 H 
 -1.082581E+01 -2.157617E+01  0.000000E+00  0.000000E+00  0.0E+00  1.3227E+00 'i'    7 H 
  
 % Stab. limit coordinates 1-6, tag, traj#, K, xi
  1.043652E+00  3.817425E+01  0.000000E+00  0.000000E+00  0.0E+00  6.7721E-01 'i'    1 H 
  3.327050E+00  2.514280E+01  0.000000E+00  0.000000E+00  0.0E+00  8.0630E-01 'i'    2 H 
  6.740542E+00  1.265788E+01  0.000000E+00  0.000000E+00  0.0E+00  9.3539E-01 'i'    3 H 
  5.618295E+00  6.619075E+00  0.000000E+00  0.000000E+00  0.0E+00  9.9994E-01 'i'    4 H 
  7.400257E+00  7.150837E-01  0.000000E+00  0.000000E+00  0.0E+00  1.0645E+00 'i'    5 H 
  1.042256E+01 -1.069273E+01  0.000000E+00  0.000000E+00  0.0E+00  1.1936E+00 'i'    6 H 
  1.311169E+01 -2.157617E+01  0.000000E+00  0.000000E+00  0.0E+00  1.3227E+00 'i'    7 H 
  
 % Stab. limit coordinates 1-6, tag, traj#, K, xi
 -4.563484E-01  3.817425E+01  1.562500E+00  0.000000E+00  0.0E+00  6.7721E-01 'i'    1 V 
 -4.229497E-01  2.514280E+01  1.640625E+00  0.000000E+00  0.0E+00  8.0630E-01 'i'    2 V 
 -2.594575E-01  1.265788E+01  2.500000E+00  0.000000E+00  0.0E+00  9.3539E-01 'i'    3 V 
 -1.317047E-01  6.619075E+00  2.750000E+00  0.000000E+00  0.0E+00  9.9994E-01 'i'    4 V 
  2.525744E-02  7.150837E-01  3.437500E+00  0.000000E+00  0.0E+00  1.0645E+00 'i'    5 V 
  4.225602E-01 -1.069273E+01  4.437500E+00  0.000000E+00  0.0E+00  1.1936E+00 'i'    6 V 
  9.241929E-01 -2.157617E+01  5.625000E+00  0.000000E+00  0.0E+00  1.3227E+00 'i'    7 V 
  
