       Pick-ups - storage file.  PU are positionned at  #S        
 Data generated by searchCO                                                     

 Brute record at pick-ups :
  PU#         Pos            Yco            Tco            Zco            Pco            L              D                t          #part    Pass#
              (cm)          (cm)           (mrad)         (cm)          (mrad)         (cm)           (dp/p)           (mu_s)
     1   0.0000000E+00  -8.1949E+00  -2.1576E+01   1.0437E-02   0.0000E+00   0.0000E+00   3.2270E-01   0.0000E+00        1      1    6.7156E+01   4.6553E+02   1.0893E-04   0.0000E+00   0.0000E+00   0.0000E+00   1.0414E-01
     1   0.0000000E+00  -9.9740E+00   3.2876E+02  -1.6308E-02  -9.8688E-01   4.0092E+01   3.2270E-01  -1.3378E-03        1      2    9.9482E+01   1.0808E+05   2.6596E-04   9.7393E-01   1.6074E+03   1.7896E-06   1.0414E-01
     1   0.0000000E+00  -7.4702E-01   3.1601E+02  -1.7037E-03   7.2662E-01   7.9985E+01   3.2270E-01  -2.6688E-03        1      3    5.5803E-01   9.9861E+04   2.9027E-06   5.2797E-01   6.3975E+03   7.1226E-06   1.0414E-01
     1   0.0000000E+00   1.0697E+01  -6.8137E+01   9.6612E-03  -1.8905E-02   1.2260E+02   3.2270E-01  -4.0907E-03        1      4    1.1444E+02   4.6426E+03   9.3340E-05   3.5741E-04   1.5030E+04   1.6733E-05   1.0414E-01
     1   0.0000000E+00   1.0815E+01  -3.8296E+02  -1.0819E-02  -8.0352E-01   1.6557E+02   3.2270E-01  -5.5246E-03        1      5    1.1696E+02   1.4666E+05   1.1705E-04   6.4564E-01   2.7414E+04   3.0521E-05   1.0414E-01
     1   0.0000000E+00  -1.7514E-01  -3.0038E+02  -2.8528E-02  -6.6765E-01   2.0764E+02   3.2270E-01  -6.9284E-03        1      6    3.0675E-02   9.0226E+04   8.1384E-04   4.4575E-01   4.3115E+04   4.8002E-05   1.0414E-01
     1   0.0000000E+00  -9.9927E+00   9.7772E+01   3.7412E-02   3.3548E+00   2.4903E+02   3.2270E-01  -8.3094E-03        1      7    9.9854E+01   9.5594E+03   1.3997E-03   1.1255E+01   6.2017E+04   6.9046E-05   1.0414E-01
     1   0.0000000E+00  -8.1742E+00   3.6596E+02  -5.9907E-02  -5.8962E+00   2.8869E+02   3.2270E-01  -9.6326E-03        1      8    6.6818E+01   1.3393E+05   3.5888E-03   3.4765E+01   8.3342E+04   9.2788E-05   1.0414E-01
     1   0.0000000E+00   2.7106E+00   2.3614E+02  -1.1354E-01  -1.9236E+00   3.2914E+02   3.2270E-01  -1.0982E-02        1      9    7.3475E+00   5.5764E+04   1.2890E-02   3.7002E+00   1.0833E+05   1.2061E-04   1.0414E-01
     1   0.0000000E+00   1.2300E+01  -1.9002E+02   1.4140E-01   1.2693E+01   3.7236E+02   3.2270E-01  -1.2424E-02        1     10    1.5129E+02   3.6108E+04   1.9993E-02   1.6111E+02   1.3865E+05   1.5437E-04   1.0414E-01
     1   0.0000000E+00   8.2316E+00  -3.9979E+02  -2.2463E-02  -1.7853E+01   4.1498E+02   3.2270E-01  -1.3846E-02        1     11    6.7760E+01   1.5983E+05   5.0460E-04   3.1874E+02   1.7220E+05   1.9172E-04   1.0414E-01
     1   0.0000000E+00  -3.6366E+00  -2.0370E+02  -6.3750E-01  -2.2833E+01   4.5682E+02   3.2270E-01  -1.5243E-02        1     12    1.3225E+01   4.1495E+04   4.0641E-01   5.2133E+02   2.0869E+05   2.3234E-04   1.0414E-01
     1   0.0000000E+00  -1.0697E+01   2.0972E+02   1.2169E+00   9.5997E+01   4.9787E+02   3.2270E-01  -1.6612E-02        1     13    1.1442E+02   4.3981E+04   1.4808E+00   9.2153E+03   2.4788E+05   2.7597E-04   1.0414E-01
     1   0.0000000E+00  -5.3546E+00   3.7247E+02  -9.1279E-01  -1.2623E+02   5.3762E+02   3.2270E-01  -1.7939E-02        1     14    2.8671E+01   1.3873E+05   8.3318E-01   1.5934E+04   2.8904E+05   3.2180E-04   1.0414E-01
     1   0.0000000E+00   6.5447E+00   1.1622E+02  -3.0611E+00  -7.4976E+01   5.7908E+02   3.2270E-01  -1.9322E-02        1     15    4.2834E+01   1.3507E+04   9.3702E+00   5.6214E+03   3.3534E+05   3.7334E-04   1.0414E-01
     1   0.0000000E+00   1.1122E+01  -4.0154E+02   5.4274E+00   3.9731E+02   6.2481E+02   3.2270E-01  -2.0848E-02        1     16    1.2369E+02   1.6124E+05   2.9457E+01   1.5785E+05   3.9039E+05   4.3463E-04   1.0414E-01
