#   1        2       3   4    5     6    7     8     9     10         11        12          13    
# xco[m], x'co[rd], Qx, Qy, alfx, betx, alfy, bety, Dx, tof[mu_s], path[cm], E_Kin[MeV], p/p0(co)
# 
   1.0445820E-01   -5.6048720E-08    1.6239054E-01    3.7510565E-02   -4.0000000E-06    1.0720900E-01   -4.2000000E-05    4.6412800E-01    1.1003300E-01    1.7674794E-02    1.0938840E+01    2.0000001E-01    1.0000000E+00
   1.4398100E-01   -1.0465460E-08    1.6062522E-01    4.4466929E-02   -2.0000000E-06    1.4939600E-01   -1.3000000E-05    5.3965600E-01    1.5501600E-01    1.8023347E-02    1.5077660E+01    3.6551722E-01    1.3519420E+00
   1.7637780E-01   -7.0540600E-10    1.5911039E-01    4.9614955E-02   -1.0000000E-06    1.8475400E-01   -6.0000000E-06    5.9248900E-01    1.9352900E-01    1.8319946E-02    1.8470240E+01    5.3103447E-01    1.6296136E+00
   2.0495550E-01   -4.4261040E-09    1.5772003E-01    5.3871738E-02   -1.0000000E-06    2.1658200E-01   -4.0000000E-06    6.3408500E-01    2.2886800E-01    1.8590107E-02    2.1462890E+01    6.9655176E-01    1.8664619E+00
   2.3110000E-01   -2.2336310E-08    1.5640077E-01    5.7589675E-02   -1.0000000E-06    2.4626900E-01   -2.0000000E-06    6.6881200E-01    2.6243400E-01    1.8844532E-02    2.4200740E+01    8.6206897E-01    2.0765031E+00
   2.5555160E-01   -1.9751940E-08    1.5512373E-01    6.0945920E-02   -1.0000000E-06    2.7456700E-01   -2.0000000E-06    6.9884800E-01    2.9499900E-01    1.9089004E-02    2.6761300E+01    1.0275862E+00    2.2672001E+00
   2.7876260E-01    1.1145150E-08    1.5387068E-01    6.4043643E-02   -1.0000000E-06    3.0194500E-01   -1.0000000E-06    7.2545000E-01    3.2705500E-01    1.9327098E-02    2.9191950E+01    1.1931035E+00    2.4430869E+00
   3.0103560E-01    7.7525410E-09    1.5262893E-01    6.6949105E-02   -0.0000000E+00    3.2872300E-01   -1.0000000E-06    7.4941400E-01    3.5895700E-01    1.9561282E-02    3.1524380E+01    1.3586207E+00    2.6071626E+00
   3.2258630E-01   -9.6546720E-09    1.5138886E-01    6.9707861E-02   -0.0000000E+00    3.5514100E-01   -1.0000000E-06    7.7128200E-01    3.9098100E-01    1.9793368E-02    3.3781160E+01    1.5241380E+00    2.7615333E+00
   3.4357680E-01   -4.8478170E-10    1.5014267E-01    7.2353015E-02   -0.0000000E+00    3.8138900E-01   -1.0000000E-06    7.9143600E-01    4.2336400E-01    2.0024793E-02    3.5979280E+01    1.6896552E+00    2.9077450E+00
   3.6413370E-01   -6.9367570E-09    1.4888360E-01    7.4909616E-02   -0.0000000E+00    4.0762700E-01   -0.0000000E+00    8.1016200E-01    4.5631500E-01    2.0256729E-02    3.8131990E+01    1.8551724E+00    3.0469726E+00
   3.8436030E-01   -1.2323020E-07    1.4760557E-01    7.7397475E-02   -0.0000000E+00    4.3399500E-01   -0.0000000E+00    8.2767600E-01    4.9003900E-01    2.0490219E-02    4.0250110E+01    2.0206897E+00    3.1801336E+00
   4.0434340E-01   -3.6868120E-07    1.4630280E-01    7.9832748E-02   -1.0000000E-06    4.6062400E-01   -0.0000000E+00    8.4414700E-01    5.2473800E-01    2.0726208E-02    4.2342730E+01    2.1862070E+00    3.3079605E+00
   4.2415790E-01   -1.1157240E-08    1.4496954E-01    8.2229004E-02   -0.0000000E+00    4.8764000E-01   -0.0000000E+00    8.5970900E-01    5.6062400E-01    2.0965580E-02    4.4417710E+01    2.3517241E+00    3.4310496E+00
   4.4387150E-01    4.3876410E-09    1.4359993E-01    8.4598088E-02   -0.0000000E+00    5.1517100E-01   -0.0000000E+00    8.7447100E-01    5.9792500E-01    2.1209217E-02    4.6482120E+01    2.5172414E+00    3.5498939E+00
   4.6354620E-01    8.5905050E-08    1.4218780E-01    8.6950600E-02   -0.0000000E+00    5.4335000E-01   -0.0000000E+00    8.8852400E-01    6.3689300E-01    2.1458004E-02    4.8542450E+01    2.6827586E+00    3.6649062E+00
   4.8324110E-01   -3.8627240E-09    1.4072647E-01    8.9296353E-02   -0.0000000E+00    5.7231700E-01   -0.0000000E+00    9.0194300E-01    6.7781300E-01    2.1712867E-02    5.0604890E+01    2.8482760E+00    3.7764368E+00
   5.0301380E-01    4.0864630E-09    1.3920858E-01    9.1644699E-02   -0.0000000E+00    6.0223000E-01   -0.0000000E+00    9.1479000E-01    7.2101700E-01    2.1974792E-02    5.2675480E+01    3.0137932E+00    3.8847854E+00
   5.2292230E-01   -5.4310140E-08    1.3762583E-01    9.4004831E-02   -0.0000000E+00    6.3326600E-01   -0.0000000E+00    9.2712000E-01    7.6689300E-01    2.2244852E-02    5.4760290E+01    3.1793103E+00    3.9902113E+00
   5.4302680E-01   -3.4738130E-09    1.3596872E-01    9.6386125E-02   -0.0000000E+00    6.6562700E-01   -0.0000000E+00    9.3897800E-01    8.1590800E-01    2.2524256E-02    5.6865630E+01    3.3448276E+00    4.0929404E+00
   5.6339100E-01   -4.6766560E-09    1.3422618E-01    9.8798328E-02   -0.0000000E+00    6.9955400E-01   -0.0000000E+00    9.5040600E-01    8.6862700E-01    2.2814360E-02    5.8998170E+01    3.5103449E+00    4.1931709E+00
   5.8408450E-01    1.0620550E-07    1.3238511E-01    1.0125197E-01   -0.0000000E+00    7.3533500E-01   -0.0000000E+00    9.6143700E-01    9.2575300E-01    2.3116739E-02    6.1165190E+01    3.6758622E+00    4.2910779E+00
   6.0518500E-01   -3.8355550E-10    1.3042974E-01    1.0375867E-01   -0.0000000E+00    7.7332200E-01   -0.0000000E+00    9.7210400E-01    9.8817200E-01    2.3433234E-02    6.3374830E+01    3.8413793E+00    4.3868168E+00
   6.2678180E-01    3.3037660E-08    1.2834073E-01    1.0633171E-01   -0.0000000E+00    8.1395500E-01   -0.0000000E+00    9.8243200E-01    1.0570240E+00    2.3766059E-02    6.5636440E+01    4.0068965E+00    4.4805268E+00
   6.4897990E-01   -1.5692690E-09    1.2609397E-01    1.0898665E-01   -0.0000000E+00    8.5779900E-01   -0.0000000E+00    9.9244600E-01    1.1338100E+00    2.4117904E-02    6.7961020E+01    4.1724138E+00    4.5723326E+00
   6.7190590E-01   -1.1313690E-09    1.2365866E-01    1.1174218E-01   -0.0000000E+00    9.0559200E-01   -0.0000000E+00    1.0021670E+00    1.2205540E+00    2.4492115E-02    7.0361820E+01    4.3379312E+00    4.6623467E+00
   6.9571720E-01   -1.3460500E-09    1.2099454E-01    1.1462154E-01   -0.0000000E+00    9.5833100E-01   -0.0000000E+00    1.0116150E+00    1.3200760E+00    2.4892956E-02    7.2855340E+01    4.5034483E+00    4.7506708E+00
   7.2061570E-01    6.5984990E-08    1.1804735E-01    1.1765457E-01   -0.0000000E+00    1.0174110E+00   -0.0000000E+00    1.0208070E+00    1.4364450E+00    2.5326015E-02    7.5462700E+01    4.6689655E+00    4.8373976E+00
   7.4686990E-01   -1.3346600E-08    1.1474126E-01    1.2088103E-01   -0.0000000E+00    1.0848610E+00   -0.0000000E+00    1.0297590E+00    1.5758090E+00    2.5798860E-02    7.8212030E+01    4.8344829E+00    4.9226116E+00
   7.7485220E-01   -6.2825260E-11    1.1096535E-01    1.2435622E-01   -0.0000000E+00    1.1638050E+00   -0.0000000E+00    1.0384850E+00    1.7480020E+00    2.6322161E-02    8.1142330E+01    5.0000000E+00    5.0063898E+00
