    
  
nCell    K         xi        Qx        Qy     MaxbetX   MaxBety    MaxDx
  8   0.00000   0.00000   1.03005   1.21114   3.47493   3.11157   3.50053   1   1
  8   0.00000   3.50000   1.03016   1.21625   3.58244   3.20481   3.55193   2   1
  8   0.00000   7.00000   1.03052   1.23166   3.69339   3.27722   3.60372   3   1
  8   0.00000  10.50000   1.03113   1.25758   3.80880   3.32948   3.65629   4   1
  8   0.00000  14.00000   1.03200   1.29440   3.92987   3.36334   3.71007   5   1
  8   0.00000  17.50000   1.03318   1.34273   4.05798   3.38154   3.76551   6   1
  8   0.00000  21.00000   1.03471   1.40349   4.19484   3.38781   3.82313   7   1
  8   0.00000  24.50000   1.03663   1.47799   4.34249   3.38687   3.88353   8   1
  8   0.00000  28.00000   1.03904   1.56817   4.50351   3.38471   3.94738   9   1
  8   0.00000  31.50000   1.04205   1.67681   4.68121   3.38925   4.01553  10   1
  8   0.00000  35.00000   1.04580   1.80805   4.87987   3.41204   4.08899  11   1
  8   0.00000  38.50000   1.05052   1.96824   5.10526   3.47209   4.16902  12   1
  8   0.00000  42.00000   1.05650   2.16785   5.36527   3.60620   4.25724  13   1
  8   0.00000  45.50000   1.06421   2.42602   5.67109   3.90300   4.35573  14   1
  8   0.00000  49.00000   1.07433   2.78615   6.03916   4.67014   4.46731  15   1
  8   0.00000  52.50000   1.08796   3.42927   6.49475   9.09401   4.59577  16   1
   
  
nCell    K         xi        Qx        Qy     MaxbetX   MaxBety    MaxDx
  8   0.20000   0.00000   1.13133   1.12397   3.17572   3.34365   2.91536   1   2
  8   0.20000   3.50000   1.13147   1.12943   3.27508   3.44037   2.95824   2   2
  8   0.20000   7.00000   1.13188   1.14586   3.37762   3.51020   3.00138   3   2
  8   0.20000  10.50000   1.13260   1.17343   3.48429   3.55415   3.04509   4   2
  8   0.20000  14.00000   1.13363   1.21245   3.59620   3.57478   3.08973   5   2
  8   0.20000  17.50000   1.13501   1.26344   3.71463   3.57593   3.13565   6   2
  8   0.20000  21.00000   1.13679   1.32721   3.84116   3.56252   3.18329   7   2
  8   0.20000  24.50000   1.13905   1.40498   3.97767   3.54038   3.23310   8   2
  8   0.20000  28.00000   1.14188   1.49857   4.12657   3.51637   3.28563   9   2
  8   0.20000  31.50000   1.14541   1.61064   4.29090   3.49903   3.34154  10   2
  8   0.20000  35.00000   1.14981   1.74518   4.47467   3.50002   3.40162  11   2
  8   0.20000  38.50000   1.15534   1.90839   4.68319   3.53781   3.46684  12   2
  8   0.20000  42.00000   1.16236   2.11035   4.92382   3.64712   3.53843  13   2
  8   0.20000  45.50000   1.17140   2.36941   5.20697   3.90941   3.61800  14   2
  8   0.20000  49.00000   1.18326   2.72619   5.54795   4.59578   3.70762  15   2
  8   0.20000  52.50000   1.19925   3.33419   5.97039   8.01509   3.81010  16   2
   
  
nCell    K         xi        Qx        Qy     MaxbetX   MaxBety    MaxDx
  8   0.40000   0.00000   1.22517   1.03023   2.94420   3.63842   2.49779   1   3
  8   0.40000   3.50000   1.22532   1.03613   3.03737   3.73906   2.53461   2   3
  8   0.40000   7.00000   1.22580   1.05386   3.13355   3.80386   2.57159   3   3
  8   0.40000  10.50000   1.22661   1.08351   3.23363   3.83461   2.60903   4   3
  8   0.40000  14.00000   1.22778   1.12528   3.33864   3.83542   2.64720   5   3
  8   0.40000  17.50000   1.22935   1.17956   3.44980   3.81209   2.68643   6   3
  8   0.40000  21.00000   1.23139   1.24700   3.56858   3.77147   2.72706   7   3
  8   0.40000  24.50000   1.23396   1.32868   3.69678   3.72111   2.76946   8   3
  8   0.40000  28.00000   1.23718   1.42629   3.83666   3.66913   2.81411   9   3
  8   0.40000  31.50000   1.24119   1.54235   3.99110   3.62480   2.86153  10   3
  8   0.40000  35.00000   1.24620   1.68072   4.16386   3.60001   2.91237  11   3
  8   0.40000  38.50000   1.25250   1.84740   4.36001   3.61265   2.96742  12   3
  8   0.40000  42.00000   1.26049   2.05217   4.58650   3.69549   3.02767  13   3
  8   0.40000  45.50000   1.27078   2.31264   4.85323   3.92361   3.09439  14   3
  8   0.40000  49.00000   1.28429   2.66700   5.17478   4.53781   3.16923  15   3
  8   0.40000  52.50000   1.30251   3.24865   5.57374   7.30509   3.25437  16   3
   
  
nCell    K         xi        Qx        Qy     MaxbetX   MaxBety    MaxDx
  8   0.60000   0.00000   1.31321   0.92788   2.75851   4.02982   2.18484   1   4
  8   0.60000   3.50000   1.31338   0.93438   2.84684   4.13461   2.21711   2   4
  8   0.60000   7.00000   1.31391   0.95384   2.93804   4.18938   2.24950   3   4
  8   0.60000  10.50000   1.31481   0.98623   3.03296   4.19778   2.28226   4   4
  8   0.60000  14.00000   1.31612   1.03156   3.13260   4.16706   2.31563   5   4
  8   0.60000  17.50000   1.31788   1.09000   3.23811   4.10665   2.34989   6   4
  8   0.60000  21.00000   1.32015   1.16200   3.35090   4.02673   2.38532   7   4
  8   0.60000  24.50000   1.32302   1.24845   3.47269   3.93740   2.42227   8   4
  8   0.60000  28.00000   1.32661   1.35086   3.60562   3.84847   2.46111   9   4
  8   0.60000  31.50000   1.33109   1.47161   3.75247   3.77006   2.50230  10   4
  8   0.60000  35.00000   1.33668   1.61443   3.91686   3.71410   2.54638  11   4
  8   0.60000  38.50000   1.34371   1.78512   4.10362   3.69779   2.59402  12   4
  8   0.60000  42.00000   1.35263   1.99319   4.31948   3.75184   2.64605  13   4
  8   0.60000  45.50000   1.36413   2.25560   4.57395   3.94550   2.70350  14   4
  8   0.60000  49.00000   1.37923   2.60840   4.88117   4.49401   2.76774  15   4
  8   0.60000  52.50000   1.39960   3.16961   5.26307   6.80054   2.84053  16   4
   
  
nCell    K         xi        Qx        Qy     MaxbetX   MaxBety    MaxDx
  8   0.80000   0.00000   1.39658   0.81366   2.60559   4.58489   1.94157   1   5
  8   0.80000   3.50000   1.39677   0.82100   2.69003   4.69308   1.97030   2   5
  8   0.80000   7.00000   1.39736   0.84290   2.77725   4.72642   1.99913   3   5
  8   0.80000  10.50000   1.39835   0.87909   2.86806   4.69328   2.02827   4   5
  8   0.80000  14.00000   1.39979   0.92925   2.96341   4.60808   2.05793   5   5
  8   0.80000  17.50000   1.40172   0.99319   3.06444   4.48746   2.08835   6   5
  8   0.80000  21.00000   1.40422   1.07105   3.17248   4.34740   2.11979   7   5
  8   0.80000  24.50000   1.40738   1.16345   3.28920   4.20176   2.15253   8   5
  8   0.80000  28.00000   1.41134   1.27170   3.41668   4.06227   2.18693   9   5
  8   0.80000  31.50000   1.41627   1.39803   3.55760   3.93954   2.22335  10   5
  8   0.80000  35.00000   1.42243   1.54603   3.71546   3.84505   2.26229  11   5
  8   0.80000  38.50000   1.43017   1.72136   3.89498   3.79472   2.30430  12   5
  8   0.80000  42.00000   1.44000   1.93328   4.10267   3.81687   2.35009  13   5
  8   0.80000  45.50000   1.45268   2.19817   4.34786   3.97512   2.40055  14   5
  8   0.80000  49.00000   1.46933   2.55021   4.64438   4.46274   2.45682  15   5
  8   0.80000  52.50000   1.49180   3.09526   5.01382   6.42433   2.52040  16   5
   
  
nCell    K         xi        Qx        Qy     MaxbetX   MaxBety    MaxDx
  8   1.00000   0.00000   1.47613   0.68156   2.47711   5.46150   1.74703   1   6
  8   1.00000   3.50000   1.47634   0.69024   2.55838   5.56802   1.77295   2   6
  8   1.00000   7.00000   1.47697   0.71596   2.64234   5.54845   1.79893   3   6
  8   1.00000  10.50000   1.47806   0.75790   2.72982   5.42603   1.82518   4   6
  8   1.00000  14.00000   1.47963   0.81510   2.82171   5.23416   1.85188   5   6
  8   1.00000  17.50000   1.48173   0.88673   2.91911   5.00547   1.87926   6   6
  8   1.00000  21.00000   1.48446   0.97243   3.02334   4.76595   1.90752   7   6
  8   1.00000  24.50000   1.48790   1.07249   3.13600   4.53399   1.93695   8   6
  8   1.00000  28.00000   1.49221   1.18801   3.25914   4.32216   1.96782   9   6
  8   1.00000  31.50000   1.49759   1.32108   3.39536   4.13987   2.00049  10   6
  8   1.00000  35.00000   1.50431   1.47519   3.54810   3.99649   2.03536  11   6
  8   1.00000  38.50000   1.51276   1.65591   3.72197   3.90535   2.07295  12   6
  8   1.00000  42.00000   1.52349   1.87230   3.92338   3.89148   2.11386  13   6
  8   1.00000  45.50000   1.53732   2.14024   4.16151   4.01263   2.15886  14   6
  8   1.00000  49.00000   1.55551   2.49230   4.45007   4.44275   2.20894  15   6
  8   1.00000  52.50000   1.58007   3.02446   4.81052   6.13484   2.26538  16   6
   
  
nCell    K         xi        Qx        Qy     MaxbetX   MaxBety    MaxDx
  8   1.20000   0.00000   1.55248   0.51805   2.36747   7.17039   1.58792   1   7
  8   1.20000   3.50000   1.55271   0.52933   2.44611   7.24322   1.61153   2   7
  8   1.20000   7.00000   1.55340   0.56221   2.52741   7.04645   1.63520   3   7
  8   1.20000  10.50000   1.55457   0.61435   2.61214   6.67314   1.65909   4   7
  8   1.20000  14.00000   1.55627   0.68314   2.70120   6.22328   1.68338   5   7
  8   1.20000  17.50000   1.55855   0.76655   2.79566   5.76728   1.70827   6   7
  8   1.20000  21.00000   1.56149   0.86349   2.89679   5.34325   1.73396   7   7
  8   1.20000  24.50000   1.56522   0.97389   3.00619   4.96772   1.76069   8   7
  8   1.20000  28.00000   1.56989   1.09873   3.12585   4.64627   1.78871   9   7
  8   1.20000  31.50000   1.57571   1.24010   3.25834   4.38065   1.81833  10   7
  8   1.20000  35.00000   1.58299   1.40151   3.40703   4.17341   1.84993  11   7
  8   1.20000  38.50000   1.59213   1.58852   3.57650   4.03218   1.88395  12   7
  8   1.20000  42.00000   1.60376   1.81008   3.77309   3.97682   1.92093  13   7
  8   1.20000  45.50000   1.61875   2.08169   4.00593   4.05837   1.96156  14   7
  8   1.20000  49.00000   1.63847   2.43450   4.28868   4.43317   2.00670  15   7
  8   1.20000  52.50000   1.66512   2.95639   4.64293   5.90740   2.05744  16   7
   
  
nCell    K         xi        Qx        Qy     MaxbetX   MaxBety    MaxDx
  8   1.40000   0.00000   1.62614   0.27118   2.27274  13.67126   1.45536   1   8
  8   1.40000   3.50000   1.62638   0.29200   2.34920  13.10050   1.47706   2   8
  8   1.40000   7.00000   1.62712   0.34768   2.42829  11.36446   1.49879   3   8
  8   1.40000  10.50000   1.62838   0.42634   2.51076   9.58723   1.52073   4   8
  8   1.40000  14.00000   1.63021   0.51995   2.59750   8.14907   1.54302   5   8
  8   1.40000  17.50000   1.63266   0.62476   2.68955   7.04939   1.56585   6   8
  8   1.40000  21.00000   1.63583   0.73964   2.78818   6.21124   1.58941   7   8
  8   1.40000  24.50000   1.63984   0.86500   2.89494   5.56592   1.61389   8   8
  8   1.40000  28.00000   1.64487   1.00233   3.01182   5.06478   1.63956   9   8
  8   1.40000  31.50000   1.65113   1.15421   3.14135   4.67635   1.66667  10   8
  8   1.40000  35.00000   1.65896   1.32447   3.28688   4.38273   1.69557  11   8
  8   1.40000  38.50000   1.66882   1.51889   3.45296   4.17850   1.72666  12   8
  8   1.40000  42.00000   1.68134   1.74646   3.64592   4.07436   1.76041  13   8
  8   1.40000  45.50000   1.69749   2.02241   3.87490   4.11281   1.79745  14   8
  8   1.40000  49.00000   1.71876   2.37671   4.15366   4.43337   1.83854  15   8
  8   1.40000  52.50000   1.74753   2.89046   4.50403   5.72639   1.88466  16   8
   
  
nCell    K         xi        Qx        Qy     MaxbetX   MaxBety    MaxDx
  8   1.60000  14.00000   1.70186   0.27446   2.50745  15.38844   1.42429   5   9
  8   1.60000  17.50000   1.70449   0.44090   2.59754   9.95269   1.44539   6   9
  8   1.60000  21.00000   1.70788   0.59153   2.69414   7.73443   1.46714   7   9
  8   1.60000  24.50000   1.71218   0.74124   2.79879   6.46489   1.48975   8   9
  8   1.60000  28.00000   1.71756   0.89649   2.91346   5.63250   1.51343   9   9
  8   1.60000  31.50000   1.72427   1.06218   3.04068   5.05011   1.53844  10   9
  8   1.60000  35.00000   1.73267   1.24342   3.18378   4.63451   1.56507  11   9
  8   1.60000  38.50000   1.74323   1.44665   3.34733   4.34872   1.59370  12   9
  8   1.60000  42.00000   1.75666   1.68121   3.53767   4.18600   1.62476  13   9
  8   1.60000  45.50000   1.77400   1.96226   3.76402   4.17662   1.65881  14   9
  8   1.60000  49.00000   1.79684   2.31879   4.04032   4.44294   1.69654  15   9
  8   1.60000  52.50000   1.82776   2.82622   4.38886   5.58144   1.73881  16   9
   
  
nCell    K         xi        Qx        Qy     MaxbetX   MaxBety    MaxDx
  8   1.80000  21.00000   1.77797   0.39256   2.61219  11.60867   1.36239   7  10
  8   1.80000  24.50000   1.78256   0.59334   2.71517   8.04010   1.38339   8  10
  8   1.80000  28.00000   1.78830   0.77731   2.82813   6.46276   1.40538   9  10
  8   1.80000  31.50000   1.79547   0.96223   2.95359   5.54161   1.42859  10  10
  8   1.80000  35.00000   1.80444   1.15747   3.09491   4.94390   1.45330  11  10
  8   1.80000  38.50000   1.81572   1.37136   3.25666   4.54890   1.47984  12  10
  8   1.80000  42.00000   1.83008   1.61411   3.44527   4.31420   1.50862  13  10
  8   1.80000  45.50000   1.84862   1.90111   3.67007   4.25067   1.54014  14  10
  8   1.80000  49.00000   1.87307   2.26062   3.94531   4.46168   1.57502  15  10
  8   1.80000  52.50000   1.90621   2.76332   4.29389   5.46535   1.61405  16  10
   
  
nCell    K         xi        Qx        Qy     MaxbetX   MaxBety    MaxDx
  8   2.00000  24.50000   1.85127   0.39499   2.64218  12.02532   1.29125   8  11
  8   2.00000  28.00000   1.85739   0.63730   2.75386   7.84363   1.31178   9  11
  8   2.00000  31.50000   1.86502   0.85151   2.87805   6.22637   1.33344  10  11
  8   2.00000  35.00000   1.87457   1.06540   3.01815   5.33507   1.35650  11  11
  8   2.00000  38.50000   1.88659   1.29245   3.17876   4.78768   1.38125  12  11
  8   2.00000  42.00000   1.90189   1.54487   3.36643   4.46218   1.40806  13  11
  8   2.00000  45.50000   1.92167   1.83878   3.59069   4.33610   1.43741  14  11
  8   2.00000  49.00000   1.94778   2.20209   3.86615   4.48957   1.46985  15  11
  8   2.00000  52.50000   1.98320   2.70146   4.21657   5.37302   1.50612  16  11
  8   2.00000  56.00000   2.03310   3.90047   4.68361  60.69120   1.54713  17  11
   
  
nCell    K         xi        Qx        Qy     MaxbetX   MaxBety    MaxDx
  8   2.20000  28.00000   1.92506   0.45767   2.68914  10.87011   1.22991   9  12
  8   2.20000  31.50000   1.93316   0.72507   2.81251   7.27186   1.25023  10  12
  8   2.20000  35.00000   1.94331   0.96543   2.95189   5.84946   1.27184  11  12
  8   2.20000  38.50000   1.95609   1.20917   3.11199   5.07772   1.29504  12  12
  8   2.20000  42.00000   1.97237   1.47313   3.29947   4.63425   1.32015  13  12
  8   2.20000  45.50000   1.99343   1.77511   3.52413   4.43437   1.34761  14  12
  8   2.20000  49.00000   2.02125   2.14307   3.80108   4.52675   1.37795  15  12
  8   2.20000  52.50000   2.05905   2.64040   4.15511   5.30076   1.41183  16  12
  8   2.20000  56.00000   2.11241   3.64442   4.63027  17.43901   1.45008  17  12
   
  
nCell    K         xi        Qx        Qy     MaxbetX   MaxBety    MaxDx
  8   2.40000  28.00000   1.99153   0.11875   2.63283  41.70156   1.15770   9  13
  8   2.40000  31.50000   2.00013   0.57256   2.75579   9.16011   1.17684  10  13
  8   2.40000  35.00000   2.01089   0.85476   2.89495   6.56576   1.19719  11  13
  8   2.40000  38.50000   2.02446   1.12051   3.05511   5.43859   1.21901  12  13
  8   2.40000  42.00000   2.04174   1.39849   3.24312   4.83631   1.24264  13  13
  8   2.40000  45.50000   2.06412   1.70990   3.46911   4.54736   1.26845  14  13
  8   2.40000  49.00000   2.09373   2.08345   3.74881   4.57356   1.29695  15  13
  8   2.40000  52.50000   2.13402   2.57995   4.10829   5.24584   1.32875  16  13
  8   2.40000  56.00000   2.19104   3.50347   4.59456  12.82385   1.36460  17  13
   
  
nCell    K         xi        Qx        Qy     MaxbetX   MaxBety    MaxDx
  8   2.60000  31.50000   2.06610   0.36232   2.70701  14.40123   1.11163  10  14
  8   2.60000  35.00000   2.07751   0.72847   2.84641   7.65787   1.13086  11  14
  8   2.60000  38.50000   2.09189   1.02503   3.00720   5.90243   1.15148  12  14
  8   2.60000  42.00000   2.11022   1.32041   3.19647   5.07663   1.17378  13  14
  8   2.60000  45.50000   2.13399   1.64292   3.42473   4.67751   1.19814  14  14
  8   2.60000  49.00000   2.16547   2.02309   3.70850   4.63051   1.22502  15  14
  8   2.60000  52.50000   2.20838   2.51990   4.07541   5.20624   1.25498  16  14
  8   2.60000  56.00000   2.26927   3.39142   4.57610  10.74753   1.28874  17  14
   
  
nCell    K         xi        Qx        Qy     MaxbetX   MaxBety    MaxDx
  8   2.80000  35.00000   2.14334   0.57633   2.80560   9.62341   1.07154  11  15
  8   2.80000  38.50000   2.15858   0.92058   2.96761   6.52659   1.09108  12  15
  8   2.80000  42.00000   2.17801   1.23820   3.15887   5.36726   1.11221  13  15
  8   2.80000  45.50000   2.20323   1.57389   3.39040   4.82801   1.13529  14  15
  8   2.80000  49.00000   2.23668   1.96185   3.67964   4.69835   1.16072  15  15
  8   2.80000  52.50000   2.28238   2.46011   4.05615   5.18048   1.18906  16  15
  8   2.80000  56.00000   2.34742   3.29426   4.57510   9.52376   1.22095  17  15
   
  
nCell    K         xi        Qx        Qy     MaxbetX   MaxBety    MaxDx
  8   3.00000  35.00000   2.20858   0.36746   2.77208  15.00909   1.01817  11  16
  8   3.00000  38.50000   2.22470   0.80363   2.93590   7.42645   1.03675  12  16
  8   3.00000  42.00000   2.24530   1.15094   3.12994   5.72652   1.05683  13  16
  8   3.00000  45.50000   2.27205   1.50249   3.36580   5.00312   1.07875  14  16
  8   3.00000  49.00000   2.30759   1.89959   3.66206   4.77805   1.10290  15  16
  8   3.00000  52.50000   2.35626   2.40042   4.05067   5.16750   1.12979  16  16
  8   3.00000  56.00000   2.42577   3.20640   4.59241   8.70672   1.16002  17  16
   
  
nCell    K         xi        Qx        Qy     MaxbetX   MaxBety    MaxDx
  8   3.20000  38.50000   2.29044   0.66759   2.91183   8.88218   0.98761  12  17
  8   3.20000  42.00000   2.31227   1.05734   3.10949   6.18389   1.00675  13  17
  8   3.20000  45.50000   2.34065   1.42832   3.35087   5.20861   1.02763  14  17
  8   3.20000  49.00000   2.37842   1.83614   3.65593   4.87092   1.05063  15  17
  8   3.20000  52.50000   2.43028   2.34069   4.05955   5.16657   1.07621  16  17
  8   3.20000  56.00000   2.50467   3.12493   4.62963   8.12096   1.10496  17  17
   
  
nCell    K         xi        Qx        Qy     MaxbetX   MaxBety    MaxDx
  8   3.40000  38.50000   2.35597   0.49696   2.89533  11.85755   0.94296  12  18
  8   3.40000  42.00000   2.37910   0.95549   3.09756   6.79054   0.96125  13  18
  8   3.40000  45.50000   2.40922   1.35089   3.34581   5.45253   0.98119  14  18
  8   3.40000  49.00000   2.44939   1.77131   3.66175   4.97865   1.00314  15  18
  8   3.40000  52.50000   2.50472   2.28079   4.08390   5.17724   1.02755  16  18
  8   3.40000  56.00000   2.58447   3.04811   4.68931   7.68175   1.05495  17  18
   
  
nCell    K         xi        Qx        Qy     MaxbetX   MaxBety    MaxDx
  8   3.60000  38.50000   2.42146   0.22282   2.88653  26.28716   0.90221  12  19
  8   3.60000  42.00000   2.44599   0.84237   3.09443   7.64540   0.91972  13  19
  8   3.60000  45.50000   2.47798   1.26955   3.35113   5.74645   0.93880  14  19
  8   3.60000  49.00000   2.52076   1.70490   3.68042   5.10342   0.95981  15  19
  8   3.60000  52.50000   2.57989   2.22059   4.12545   5.19932   0.98315  16  19
  8   3.60000  56.00000   2.66559   2.97481   4.77526   7.34262   1.00934  17  19
   
  
nCell    K         xi        Qx        Qy     MaxbetX   MaxBety    MaxDx
  8   3.80000  42.00000   2.51313   0.71258   3.10062   8.97326   0.88166  13  20
  8   3.80000  45.50000   2.54716   1.18347   3.36766   6.10774   0.89997  14  20
  8   3.80000  49.00000   2.59279   1.63666   3.71335   5.24809   0.92011  15  20
  8   3.80000  52.50000   2.65611   2.15996   4.18682   5.23284   0.94248  16  20
  8   3.80000  56.00000   2.74854   2.90421   4.89317   7.07572   0.96757  17  20
   
  
nCell    K         xi        Qx        Qy     MaxbetX   MaxBety    MaxDx
  8   4.00000  42.00000   2.58075   0.55449   3.11696  11.45191   0.84667  13  21
  8   4.00000  45.50000   2.61701   1.09147   3.39666   6.56381   0.86426  14  21
  8   4.00000  49.00000   2.66577   1.56630   3.76260   5.41643   0.88361  15  21
  8   4.00000  52.50000   2.73380   2.09875   4.27179   5.27808   0.90509  16  21
  8   4.00000  56.00000   2.83393   2.83572   5.05160   6.86331   0.92917  17  21
   
  
nCell    K         xi        Qx        Qy     MaxbetX   MaxBety    MaxDx
  8   4.20000  42.00000   2.64909   0.32953   3.14469  19.14107   0.81438  13  22
  8   4.20000  45.50000   2.68781   0.99187   3.43997   7.16108   0.83132  14  22
  8   4.20000  49.00000   2.74008   1.49348   3.83116   5.61347   0.84994  15  22
  8   4.20000  52.50000   2.81345   2.03684   4.38595   5.33556   0.87060  16  22
  8   4.20000  56.00000   2.92258   2.76888   5.26378   6.69352   0.89375  17  22
   
  
nCell    K         xi        Qx        Qy     MaxbetX   MaxBety    MaxDx
  8   4.40000  45.50000   2.75989   0.88207   3.50019   7.98601   0.80082  14  23
  8   4.40000  49.00000   2.81613   1.41777   3.92333   5.84613   0.81877  15  23
  8   4.40000  52.50000   2.89567   1.97408   4.53763   5.40605   0.83869  16  23
  8   4.40000  56.00000   3.01560   2.70334   5.55119   6.55811   0.86098  17  23
   
  
nCell    K         xi        Qx        Qy     MaxbetX   MaxBety    MaxDx
  8   4.60000  45.50000   2.83365   0.75757   3.58108   9.22412   0.77252  14  24
  8   4.60000  49.00000   2.89447   1.33863   4.04548   6.12411   0.78985  15  24
  8   4.60000  52.50000   2.98128   1.91030   4.73981   5.49067   0.80907  16  24
  8   4.60000  56.00000   3.11457   2.63879   5.95119   6.45124   0.83058  17  24
   
  
nCell    K         xi        Qx        Qy     MaxbetX   MaxBety    MaxDx
  8   4.80000  45.50000   2.90960   0.60940   3.68815  11.37836   0.74618  14  25
  8   4.80000  49.00000   2.97578   1.25537   4.20729   6.46154   0.76293  15  25
  8   4.80000  52.50000   3.07142   1.84533   5.01374   5.59086   0.78151  16  25
  8   4.80000  56.00000   3.22201   2.57499   6.53543   6.36868   0.80229  17  25
   
  
nCell    K         xi        Qx        Qy     MaxbetX   MaxBety    MaxDx
  8   5.00000  45.50000   2.98839   0.41272   3.82972  16.67517   0.72160  14  26
  8   5.00000  49.00000   3.06101   1.16708   4.42421   6.87989   0.73782  15  26
  8   5.00000  52.50000   3.16774   1.77898   5.39691   5.70857   0.75580  16  26
  8   5.00000  56.00000   3.34230   2.51172   7.46414   6.30733   0.77590  17  26
   
  
nCell    K         xi        Qx        Qy     MaxbetX   MaxBety    MaxDx
  8   5.20000  49.00000   3.15152   1.07245   4.72255   7.41364   0.71434  15  27
  8   5.20000  52.50000   3.27290   1.71102   5.96305   5.84634   0.73176  16  27
  8   5.20000  56.00000   3.48466   2.44878   9.20274   6.26494   0.75123  17  27
   
  
nCell    K         xi        Qx        Qy     MaxbetX   MaxBety    MaxDx
  8   5.40000  49.00000   3.24939   0.96960   5.15140   8.12257   0.69234  15  28
  8   5.40000  52.50000   3.39170   1.64120   6.88356   6.00751   0.70924  16  28
  8   5.40000  56.00000   3.67750   2.38599  14.21362   6.23991   0.72812  17  28
   
  
nCell    K         xi        Qx        Qy     MaxbetX   MaxBety    MaxDx
  8   5.60000  49.00000   3.35817   0.85550   5.81600   9.12172   0.67168  15  29
  8   5.60000  52.50000   3.53473   1.56920   8.69541   6.19651   0.68809  16  29
   
  
nCell    K         xi        Qx        Qy     MaxbetX   MaxBety    MaxDx
  8   5.80000  49.00000   3.48495   0.72483   6.99942  10.67104   0.65224  15  30
  8   5.80000  52.50000   3.73967   1.49467  15.02096   6.41934   0.66819  16  30
   
  
nCell    K         xi        Qx        Qy     MaxbetX   MaxBety    MaxDx
  8   6.00000  49.00000   3.64901   0.56616   9.92275  13.54498   0.63392  15  31
   
  
nCell    K         xi        Qx        Qy     MaxbetX   MaxBety    MaxDx
   
  
nCell    K         xi        Qx        Qy     MaxbetX   MaxBety    MaxDx
   
  
nCell    K         xi        Qx        Qy     MaxbetX   MaxBety    MaxDx
   
  
nCell    K         xi        Qx        Qy     MaxbetX   MaxBety    MaxDx
   
