@ NAME             %05s "TWISS"
@ TYPE             %05s "TWISS"
@ SEQUENCE         %04s "RING"
@ PARTICLE         %00s ""
@ MASS             %le  0.9382720300    
@ CHARGE           %le     1
@ ENERGY           %le  0.9850024975    
@ PC               %le  0.2997924580                                                   B.rho    1.000000000    
@ GAMMA            %le   1.049804818    
@ KBUNCH           %le                   1
@ BCURRENT         %le                   0
@ SIGE             %le                   0
@ SIGT             %le                   1
@ NPART            %le                   0
@ EX               %le                   1
@ EY               %le                   1
@ ET               %le                   1
@ LENGTH           %le   10555.57220    
@ ALFA             %le  0.1515952549E-01
@ ORBIT5           %le                  -0
@ GAMMATR          %le   8.121891738    
@ Q1               %le   8.637832710    
@ Q2               %le   8.608922732    
@ DQ1              %le  -4.197722903    
@ DQ2              %le  -5.223347924    
@ DXMAX            %le   9999.000000    
@ DYMAX            %le   9999.000000    
@ XCOMAX           %le                   0
@ YCOMAX           %le                   0
@ BETXMAX          %le   9999.000000    
@ BETYMAX          %le   9999.000000    
@ XCORMS           %le                   0
@ YCORMS           %le                   0
@ DXRMS            %le   9999.000000    
@ DYRMS            %le   9999.000000    
@ DELTAP           %le                   0
@ |C|              %le   0.000000000    
@ Q1               %le  0.6378327101    
@ Q2               %le  0.6089227321    
@ SYNCH_4          %le                   0
@ SYNCH_5          %le                   0
@ TITLE            %12s "Zgoubi model"
@ ORIGIN           %12s "twiss.f"
@ DATE             %08s "  "
@ TIME             %08s "  "
# From TWISS keyword
# alfx,         btx,          alfy,         bty,          alfl,         btl,          Dx,           Dxp,          Dy,           Dyp,          phix/2pi,     phiy/2pi,     sum_s,        #lmnt, x,            xp,           y,            yp,         KEYWORD,   label1,    label2       FO(6,1)       K0*L          K1*L          K2*L          |C|    
# 1             2             3             4             5             6             7             8             9             10            11            12            13            14     15            16            17            18          19         20         21           22            23            24            25            26 
 -2.79970E+00   1.51888E+01   4.40036E-01   2.04955E+00   0.00000E+00   0.00000E+00   0.00000E+00   0.00000E+00   0.00000E+00   0.00000E+00   6.37833E-01   6.08923E-01   0.00000E+00      1   3.34193E-05   7.61836E-04   0.00000E+00   0.00000E+00 OBJET      .          .            0.00000E+00   0.00000E+00   0.00000E+00   0.00000E+00   0.00000E+00   ! otpimp.f
  2.67750E+00   1.52493E+01  -5.23640E-01   2.08658E+00   0.00000E+00   0.00000E+00   0.00000E+00   0.00000E+00   0.00000E+00   0.00000E+00   6.37833E-01   6.08923E-01   4.67230E+01      2   3.10181E-05  -1.08969E-02   0.00000E+00   0.00000E+00 QUADRUPO   QP         1            4.67230E-01   0.00000E+00   0.00000E+00   0.00000E+00   0.00000E+00   ! otpimp.f
  2.29380E+00   1.16886E+01  -9.61031E-01   3.14998E+00   0.00000E+00   0.00000E+00   0.00000E+00   0.00000E+00   0.00000E+00   0.00000E+00   6.37833E-01   6.08923E-01   1.18349E+02      3   2.32131E-05  -1.08969E-02   0.00000E+00   0.00000E+00 ESL        SD         2            1.18349E+00   0.00000E+00   0.00000E+00   0.00000E+00   0.00000E+00   ! otpimp.f
  1.06569E+00   3.02339E+00  -2.36682E+00   1.15562E+01   0.00000E+00   0.00000E+00   0.00000E+00   0.00000E+00   0.00000E+00   0.00000E+00   6.37833E-01   6.08923E-01   3.67245E+02      4   7.07660E-06   2.41858E-03   0.00000E+00   0.00000E+00 BEND       DIP        3            3.67234E+00   0.00000E+00   0.00000E+00   0.00000E+00   0.00000E+00   ! otpimp.f
  5.59733E-01   1.85917E+00  -2.77600E+00   1.52398E+01   0.00000E+00   0.00000E+00   0.00000E+00   0.00000E+00   0.00000E+00   0.00000E+00   6.37833E-01   6.08923E-01   4.38871E+02      5   8.80892E-06   2.41858E-03   0.00000E+00   0.00000E+00 ESL        SD         2            4.38859E+00   0.00000E+00   0.00000E+00   0.00000E+00   0.00000E+00   ! otpimp.f
 -3.97121E-01   1.78458E+00   2.99013E+00   1.51288E+01   0.00000E+00   0.00000E+00   0.00000E+00   0.00000E+00   0.00000E+00   0.00000E+00   6.37833E-01   6.08923E-01   4.87498E+02      6   1.08388E-05   6.05690E-03   0.00000E+00   0.00000E+00 MULTIPOL   QP         5            4.87487E+00   0.00000E+00   0.00000E+00   0.00000E+00   0.00000E+00   ! otpimp.f
 -8.61775E-01   2.68628E+00   2.51949E+00   1.11825E+01   0.00000E+00   0.00000E+00   0.00000E+00   0.00000E+00   0.00000E+00   0.00000E+00   6.37833E-01   6.08923E-01   5.59124E+02      7   1.51771E-05   6.05690E-03   0.00000E+00   0.00000E+00 ESL        SD         2            5.59112E+00   0.00000E+00   0.00000E+00   0.00000E+00   0.00000E+00   ! otpimp.f
 -2.02072E+00   1.01217E+01   8.90094E-01   2.56980E+00   0.00000E+00   0.00000E+00   0.00000E+00   0.00000E+00   0.00000E+00   0.00000E+00   6.37833E-01   6.08923E-01   8.08020E+02      8   4.06389E-05   1.87434E-02   0.00000E+00   0.00000E+00 BEND       DIP        3            8.07998E+00   0.00000E+00   0.00000E+00   0.00000E+00   0.00000E+00   ! otpimp.f
 -2.38043E+00   1.32740E+01   3.90552E-01   1.65253E+00   0.00000E+00   0.00000E+00   0.00000E+00   0.00000E+00   0.00000E+00   0.00000E+00   6.37833E-01   6.08923E-01   8.79646E+02      9   5.40640E-05   1.87434E-02   0.00000E+00   0.00000E+00 ESL        SD         2            8.79624E+00   0.00000E+00   0.00000E+00   0.00000E+00   0.00000E+00   ! otpimp.f
  2.38802E+00   1.32703E+01  -4.92547E-01   1.69770E+00   0.00000E+00   0.00000E+00   0.00000E+00   0.00000E+00   0.00000E+00   0.00000E+00   6.37833E-01   6.08923E-01   9.26369E+02     10   5.81357E-05  -1.55705E-03   0.00000E+00   0.00000E+00 QUADRUPO   QP         1            9.26347E+00   0.00000E+00   0.00000E+00   0.00000E+00   0.00000E+00   ! otpimp.f
  2.02625E+00   1.01085E+01  -1.01680E+00   2.77878E+00   0.00000E+00   0.00000E+00   0.00000E+00   0.00000E+00   0.00000E+00   0.00000E+00   6.37833E-01   6.08923E-01   9.97995E+02     11   5.70205E-05  -1.55705E-03   0.00000E+00   0.00000E+00 ESL        SD         2            9.97972E+00   0.00000E+00   0.00000E+00   0.00000E+00   0.00000E+00   ! otpimp.f
  8.58963E-01   2.66669E+00  -2.72106E+00   1.22208E+01   0.00000E+00   0.00000E+00   0.00000E+00   0.00000E+00   0.00000E+00   0.00000E+00   6.37833E-01   6.08923E-01   1.24689E+03     12   6.15177E-05   9.58505E-03   0.00000E+00   0.00000E+00 BEND       DIP        3            1.24686E+01   0.00000E+00   0.00000E+00   0.00000E+00   0.00000E+00   ! otpimp.f
  3.92196E-01   1.77054E+00  -3.21363E+00   1.64715E+01   0.00000E+00   0.00000E+00   0.00000E+00   0.00000E+00   0.00000E+00   0.00000E+00   6.37833E-01   6.08923E-01   1.31852E+03     13   6.83830E-05   9.58505E-03   0.00000E+00   0.00000E+00 ESL        SD         2            1.31848E+01   0.00000E+00   0.00000E+00   0.00000E+00   0.00000E+00   ! otpimp.f
 -5.55147E-01   1.84532E+00   3.00383E+00   1.65802E+01   0.00000E+00   0.00000E+00   0.00000E+00   0.00000E+00   0.00000E+00   0.00000E+00   6.37833E-01   6.08923E-01   1.36714E+03     14   7.94691E-05   3.66969E-02   0.00000E+00   0.00000E+00 MULTIPOL   QP         5            1.36711E+01   0.00000E+00   0.00000E+00   0.00000E+00   0.00000E+00   ! otpimp.f
 -1.06292E+00   3.00426E+00   2.57084E+00   1.25873E+01   0.00000E+00   0.00000E+00   0.00000E+00   0.00000E+00   0.00000E+00   0.00000E+00   6.37833E-01   6.08923E-01   1.43877E+03     15   1.05753E-04   3.66969E-02   0.00000E+00   0.00000E+00 ESL        SD         2            1.43874E+01   0.00000E+00   0.00000E+00   0.00000E+00   0.00000E+00   ! otpimp.f
 -2.29823E+00   1.16747E+01   1.08348E+00   3.35596E+00   0.00000E+00   0.00000E+00   0.00000E+00   0.00000E+00   0.00000E+00   0.00000E+00   6.37833E-01   6.08923E-01   1.68767E+03     16   2.00121E-04   4.32246E-02   0.00000E+00   0.00000E+00 BEND       DIP        3            1.68763E+01   0.00000E+00   0.00000E+00   0.00000E+00   0.00000E+00   ! otpimp.f
 -2.68363E+00   1.52430E+01   6.19503E-01   2.13618E+00   0.00000E+00   0.00000E+00   0.00000E+00   0.00000E+00   0.00000E+00   0.00000E+00   6.37833E-01   6.08923E-01   1.75929E+03     17   2.31081E-04   4.32246E-02   0.00000E+00   0.00000E+00 ESL        SD         2            1.75925E+01   0.00000E+00   0.00000E+00   0.00000E+00   0.00000E+00   ! otpimp.f
  2.79251E+00   1.51891E+01  -3.49463E-01   2.01659E+00   0.00000E+00   0.00000E+00   0.00000E+00   0.00000E+00   0.00000E+00   0.00000E+00   6.37833E-01   6.08923E-01   1.80601E+03     18   2.31724E-04  -4.05112E-02   0.00000E+00   0.00000E+00 QUADRUPO   QP         1            1.80598E+01   0.00000E+00   0.00000E+00   0.00000E+00   0.00000E+00   ! otpimp.f
  5.21036E-01   2.19508E+00  -2.53156E+00   1.33145E+01   0.00000E+00   0.00000E+00   0.00000E+00   0.00000E+00   0.00000E+00   0.00000E+00   6.37833E-01   6.08923E-01   2.19816E+03     19   7.28596E-05  -4.05112E-02   0.00000E+00   0.00000E+00 ESL        .          .            2.19813E+01   0.00000E+00   0.00000E+00   0.00000E+00   0.00000E+00   ! otpimp.f
 -5.14961E-01   2.19229E+00   2.47145E+00   1.33456E+01   0.00000E+00   0.00000E+00   0.00000E+00   0.00000E+00   0.00000E+00   0.00000E+00   6.37833E-01   6.08923E-01   2.24679E+03     20   5.92549E-05  -1.62852E-02   0.00000E+00   0.00000E+00 MULTIPOL   QP         5            2.24675E+01   0.00000E+00   0.00000E+00   0.00000E+00   0.00000E+00   ! otpimp.f
 -2.77807E+00   1.51059E+01   3.82812E-01   2.15268E+00   0.00000E+00   0.00000E+00   0.00000E+00   0.00000E+00   0.00000E+00   0.00000E+00   6.37833E-01   6.08923E-01   2.63894E+03     21  -4.60738E-06  -1.62852E-02   0.00000E+00   0.00000E+00 ESL        .          .            2.63890E+01   0.00000E+00   0.00000E+00   0.00000E+00   0.00000E+00   ! otpimp.f
  2.66790E+00   1.51604E+01  -6.16126E-01   2.25601E+00   0.00000E+00   0.00000E+00   0.00000E+00   0.00000E+00   0.00000E+00   0.00000E+00   6.37833E-01   6.08923E-01   2.68566E+03     22  -1.16279E-05  -1.33478E-02   0.00000E+00   0.00000E+00 QUADRUPO   QP         1            2.68562E+01   0.00000E+00   0.00000E+00   0.00000E+00   0.00000E+00   ! otpimp.f
  2.28438E+00   1.16133E+01  -1.05414E+00   3.45235E+00   0.00000E+00   0.00000E+00   0.00000E+00   0.00000E+00   0.00000E+00   0.00000E+00   6.37833E-01   6.08923E-01   2.75729E+03     23  -2.11883E-05  -1.33478E-02   0.00000E+00   0.00000E+00 ESL        SD         2            2.75725E+01   0.00000E+00   0.00000E+00   0.00000E+00   0.00000E+00   ! otpimp.f
  1.05564E+00   2.99843E+00  -2.45316E+00   1.23118E+01   0.00000E+00   0.00000E+00   0.00000E+00   0.00000E+00   0.00000E+00   0.00000E+00   6.37833E-01   6.08923E-01   3.00618E+03     24  -4.06178E-05   2.23569E-03   0.00000E+00   0.00000E+00 BEND       DIP        3            3.00613E+01   0.00000E+00   0.00000E+00   0.00000E+00   0.00000E+00   ! otpimp.f
  5.50562E-01   1.84798E+00  -2.86143E+00   1.61184E+01   0.00000E+00   0.00000E+00   0.00000E+00   0.00000E+00   0.00000E+00   0.00000E+00   6.37833E-01   6.08923E-01   3.07781E+03     25  -3.90165E-05   2.23569E-03   0.00000E+00   0.00000E+00 ESL        SD         2            3.07776E+01   0.00000E+00   0.00000E+00   0.00000E+00   0.00000E+00   ! otpimp.f
 -3.97598E-01   1.77778E+00   3.17045E+00   1.59584E+01   0.00000E+00   0.00000E+00   0.00000E+00   0.00000E+00   0.00000E+00   0.00000E+00   6.37833E-01   6.08923E-01   3.12644E+03     26  -4.14812E-05  -1.25253E-02   0.00000E+00   0.00000E+00 MULTIPOL   QP         5            3.12639E+01   0.00000E+00   0.00000E+00   0.00000E+00   0.00000E+00   ! otpimp.f
 -8.64183E-01   2.68154E+00   2.67442E+00   1.17720E+01   0.00000E+00   0.00000E+00   0.00000E+00   0.00000E+00   0.00000E+00   0.00000E+00   6.37833E-01   6.08923E-01   3.19806E+03     27  -5.04525E-05  -1.25253E-02   0.00000E+00   0.00000E+00 ESL        SD         2            3.19801E+01   0.00000E+00   0.00000E+00   0.00000E+00   0.00000E+00   ! otpimp.f
 -2.02892E+00   1.01441E+01   9.55877E-01   2.60194E+00   0.00000E+00   0.00000E+00   0.00000E+00   0.00000E+00   0.00000E+00   0.00000E+00   6.37833E-01   6.08923E-01   3.44696E+03     28  -6.61398E-05   4.40734E-03   0.00000E+00   0.00000E+00 BEND       DIP        3            3.44689E+01   0.00000E+00   0.00000E+00   0.00000E+00   0.00000E+00   ! otpimp.f
 -2.39019E+00   1.33093E+01   4.29078E-01   1.60996E+00   0.00000E+00   0.00000E+00   0.00000E+00   0.00000E+00   0.00000E+00   0.00000E+00   6.37833E-01   6.08923E-01   3.51858E+03     29  -6.29830E-05   4.40734E-03   0.00000E+00   0.00000E+00 ESL        SD         2            3.51852E+01   0.00000E+00   0.00000E+00   0.00000E+00   0.00000E+00   ! otpimp.f
  2.39168E+00   1.33086E+01  -4.43333E-01   1.61627E+00   0.00000E+00   0.00000E+00   0.00000E+00   0.00000E+00   0.00000E+00   0.00000E+00   6.37833E-01   6.08923E-01   3.56531E+03     30  -5.58028E-05   2.58994E-02   0.00000E+00   0.00000E+00 QUADRUPO   QP         1            3.56524E+01   0.00000E+00   0.00000E+00   0.00000E+00   0.00000E+00   ! otpimp.f
  2.03001E+00   1.01415E+01  -9.73585E-01   2.63115E+00   0.00000E+00   0.00000E+00   0.00000E+00   0.00000E+00   0.00000E+00   0.00000E+00   6.37833E-01   6.08923E-01   3.63693E+03     31  -3.72522E-05   2.58994E-02   0.00000E+00   0.00000E+00 ESL        SD         2            3.63687E+01   0.00000E+00   0.00000E+00   0.00000E+00   0.00000E+00   ! otpimp.f
  8.63685E-01   2.67802E+00  -2.70261E+00   1.19171E+01   0.00000E+00   0.00000E+00   0.00000E+00   0.00000E+00   0.00000E+00   0.00000E+00   6.37833E-01   6.08923E-01   3.88583E+03     32   3.94642E-05   3.99054E-02   0.00000E+00   0.00000E+00 BEND       DIP        3            3.88575E+01   0.00000E+00   0.00000E+00   0.00000E+00   0.00000E+00   ! otpimp.f
  3.96718E-01   1.77525E+00  -3.20172E+00   1.61461E+01   0.00000E+00   0.00000E+00   0.00000E+00   0.00000E+00   0.00000E+00   0.00000E+00   6.37833E-01   6.08923E-01   3.95745E+03     33   6.80467E-05   3.99054E-02   0.00000E+00   0.00000E+00 ESL        SD         2            3.95738E+01   0.00000E+00   0.00000E+00   0.00000E+00   0.00000E+00   ! otpimp.f
 -5.51013E-01   1.84606E+00   2.90073E+00   1.63020E+01   0.00000E+00   0.00000E+00   0.00000E+00   0.00000E+00   0.00000E+00   0.00000E+00   6.37833E-01   6.08923E-01   4.00608E+03     34   9.42947E-05   6.96741E-02   0.00000E+00   0.00000E+00 MULTIPOL   QP         5            4.00601E+01   0.00000E+00   0.00000E+00   0.00000E+00   0.00000E+00   ! otpimp.f
 -1.05681E+00   2.99767E+00   2.48710E+00   1.24429E+01   0.00000E+00   0.00000E+00   0.00000E+00   0.00000E+00   0.00000E+00   0.00000E+00   6.37833E-01   6.08923E-01   4.07771E+03     35   1.44199E-04   6.96741E-02   0.00000E+00   0.00000E+00 ESL        SD         2            4.07763E+01   0.00000E+00   0.00000E+00   0.00000E+00   0.00000E+00   ! otpimp.f
 -2.28753E+00   1.16250E+01   1.06920E+00   3.45891E+00   0.00000E+00   0.00000E+00   0.00000E+00   0.00000E+00   0.00000E+00   0.00000E+00   6.37833E-01   6.08923E-01   4.32660E+03     36   3.16255E-04   7.23938E-02   0.00000E+00   0.00000E+00 BEND       DIP        3            4.32652E+01   0.00000E+00   0.00000E+00   0.00000E+00   0.00000E+00   ! otpimp.f
 -2.67155E+00   1.51770E+01   6.25397E-01   2.24515E+00   0.00000E+00   0.00000E+00   0.00000E+00   0.00000E+00   0.00000E+00   0.00000E+00   6.37833E-01   6.08923E-01   4.39823E+03     37   3.68107E-04   7.23938E-02   0.00000E+00   0.00000E+00 ESL        SD         2            4.39815E+01   0.00000E+00   0.00000E+00   0.00000E+00   0.00000E+00   ! otpimp.f
  2.78057E+00   1.51230E+01  -3.70166E-01   2.13211E+00   0.00000E+00   0.00000E+00   0.00000E+00   0.00000E+00   0.00000E+00   0.00000E+00   6.37833E-01   6.08923E-01   4.44495E+03     38   3.70739E-04  -6.12865E-02   0.00000E+00   0.00000E+00 QUADRUPO   QP         1            4.44487E+01   0.00000E+00   0.00000E+00   0.00000E+00   0.00000E+00   ! otpimp.f
  5.16429E-01   2.19392E+00  -2.46143E+00   1.32362E+01   0.00000E+00   0.00000E+00   0.00000E+00   0.00000E+00   0.00000E+00   0.00000E+00   6.37833E-01   6.08923E-01   4.83710E+03     39   1.30405E-04  -6.12865E-02   0.00000E+00   0.00000E+00 ESL        .          .            4.83702E+01   0.00000E+00   0.00000E+00   0.00000E+00   0.00000E+00   ! otpimp.f
 -5.19828E-01   2.19548E+00   2.50188E+00   1.32152E+01   0.00000E+00   0.00000E+00   0.00000E+00   0.00000E+00   0.00000E+00   0.00000E+00   6.37833E-01   6.08923E-01   4.88573E+03     40   1.11677E-04  -1.68957E-02   0.00000E+00   0.00000E+00 MULTIPOL   QP         5            4.88565E+01   0.00000E+00   0.00000E+00   0.00000E+00   0.00000E+00   ! otpimp.f
 -2.78865E+00   1.51696E+01   3.47727E-01   2.04054E+00   0.00000E+00   0.00000E+00   0.00000E+00   0.00000E+00   0.00000E+00   0.00000E+00   6.37833E-01   6.08923E-01   5.27788E+03     41   4.54213E-05  -1.68957E-02   0.00000E+00   0.00000E+00 ESL        .          .            5.27780E+01   0.00000E+00   0.00000E+00   0.00000E+00   0.00000E+00   ! otpimp.f
  2.68036E+00   1.52232E+01  -6.27669E-01   2.16453E+00   0.00000E+00   0.00000E+00   0.00000E+00   0.00000E+00   0.00000E+00   0.00000E+00   6.37833E-01   6.08923E-01   5.32460E+03     42   3.40107E-05  -3.12674E-02   0.00000E+00   0.00000E+00 QUADRUPO   QP         1            5.32452E+01   0.00000E+00   0.00000E+00   0.00000E+00   0.00000E+00   ! otpimp.f
  2.29528E+00   1.16594E+01  -1.08894E+00   3.39406E+00   0.00000E+00   0.00000E+00   0.00000E+00   0.00000E+00   0.00000E+00   0.00000E+00   6.37833E-01   6.08923E-01   5.39622E+03     43   1.16152E-05  -3.12674E-02   0.00000E+00   0.00000E+00 ESL        SD         2            5.39615E+01   0.00000E+00   0.00000E+00   0.00000E+00   0.00000E+00   ! otpimp.f
  1.06113E+00   3.00212E+00  -2.56626E+00   1.26273E+01   0.00000E+00   0.00000E+00   0.00000E+00   0.00000E+00   0.00000E+00   0.00000E+00   6.37833E-01   6.08923E-01   5.64512E+03     44  -5.32338E-05  -1.61808E-02   0.00000E+00   0.00000E+00 BEND       DIP        3            5.64503E+01   0.00000E+00   0.00000E+00   0.00000E+00   0.00000E+00   ! otpimp.f
  5.53902E-01   1.84534E+00  -2.99654E+00   1.66117E+01   0.00000E+00   0.00000E+00   0.00000E+00   0.00000E+00   0.00000E+00   0.00000E+00   6.37833E-01   6.08923E-01   5.71675E+03     45  -6.48234E-05  -1.61808E-02   0.00000E+00   0.00000E+00 ESL        SD         2            5.71665E+01   0.00000E+00   0.00000E+00   0.00000E+00   0.00000E+00   ! otpimp.f
 -3.93514E-01   1.77173E+00   3.23042E+00   1.64905E+01   0.00000E+00   0.00000E+00   0.00000E+00   0.00000E+00   0.00000E+00   0.00000E+00   6.37833E-01   6.08923E-01   5.76537E+03     46  -7.88874E-05  -4.25332E-02   0.00000E+00   0.00000E+00 MULTIPOL   QP         5            5.76528E+01   0.00000E+00   0.00000E+00   0.00000E+00   0.00000E+00   ! otpimp.f
 -8.60385E-01   2.66985E+00   2.73372E+00   1.22187E+01   0.00000E+00   0.00000E+00   0.00000E+00   0.00000E+00   0.00000E+00   0.00000E+00   6.37833E-01   6.08923E-01   5.83700E+03     47  -1.09352E-04  -4.25332E-02   0.00000E+00   0.00000E+00 ESL        SD         2            5.83691E+01   0.00000E+00   0.00000E+00   0.00000E+00   0.00000E+00   ! otpimp.f
 -2.02744E+00   1.01186E+01   1.01464E+00   2.75075E+00   0.00000E+00   0.00000E+00   0.00000E+00   0.00000E+00   0.00000E+00   0.00000E+00   6.37833E-01   6.08923E-01   6.08590E+03     48  -1.94300E-04  -2.09937E-02   0.00000E+00   0.00000E+00 BEND       DIP        3            6.08579E+01   0.00000E+00   0.00000E+00   0.00000E+00   0.00000E+00   ! otpimp.f
 -2.38920E+00   1.32820E+01   4.86189E-01   1.67577E+00   0.00000E+00   0.00000E+00   0.00000E+00   0.00000E+00   0.00000E+00   0.00000E+00   6.37833E-01   6.08923E-01   6.15752E+03     49  -2.09337E-04  -2.09937E-02   0.00000E+00   0.00000E+00 ESL        SD         2            6.15741E+01   0.00000E+00   0.00000E+00   0.00000E+00   0.00000E+00   ! otpimp.f
  2.38337E+00   1.32849E+01  -3.93482E-01   1.63471E+00   0.00000E+00   0.00000E+00   0.00000E+00   0.00000E+00   0.00000E+00   0.00000E+00   6.37833E-01   6.08923E-01   6.20425E+03     50  -2.01667E-04   5.33697E-02   0.00000E+00   0.00000E+00 QUADRUPO   QP         1            6.20413E+01   0.00000E+00   0.00000E+00   0.00000E+00   0.00000E+00   ! otpimp.f
  2.02320E+00   1.01287E+01  -8.99475E-01   2.56080E+00   0.00000E+00   0.00000E+00   0.00000E+00   0.00000E+00   0.00000E+00   0.00000E+00   6.37833E-01   6.08923E-01   6.27587E+03     51  -1.63440E-04   5.33697E-02   0.00000E+00   0.00000E+00 ESL        SD         2            6.27576E+01   0.00000E+00   0.00000E+00   0.00000E+00   0.00000E+00   ! otpimp.f
  8.62667E-01   2.68561E+00  -2.55054E+00   1.12751E+01   0.00000E+00   0.00000E+00   0.00000E+00   0.00000E+00   0.00000E+00   0.00000E+00   6.37833E-01   6.08923E-01   6.52477E+03     52  -1.25678E-05   7.17634E-02   0.00000E+00   0.00000E+00 BEND       DIP        3            6.52464E+01   0.00000E+00   0.00000E+00   0.00000E+00   0.00000E+00   ! otpimp.f
  3.97488E-01   1.78302E+00  -3.02732E+00   1.52703E+01   0.00000E+00   0.00000E+00   0.00000E+00   0.00000E+00   0.00000E+00   0.00000E+00   6.37833E-01   6.08923E-01   6.59639E+03     53   3.88332E-05   7.17634E-02   0.00000E+00   0.00000E+00 ESL        SD         2            6.59627E+01   0.00000E+00   0.00000E+00   0.00000E+00   0.00000E+00   ! otpimp.f
 -5.51834E-01   1.85385E+00   2.74102E+00   1.54186E+01   0.00000E+00   0.00000E+00   0.00000E+00   0.00000E+00   0.00000E+00   0.00000E+00   6.37833E-01   6.08923E-01   6.64502E+03     54   7.83602E-05   9.32532E-02   0.00000E+00   0.00000E+00 MULTIPOL   QP         5            6.64489E+01   0.00000E+00   0.00000E+00   0.00000E+00   0.00000E+00   ! otpimp.f
 -1.05585E+00   3.00536E+00   2.34555E+00   1.17753E+01   0.00000E+00   0.00000E+00   0.00000E+00   0.00000E+00   0.00000E+00   0.00000E+00   6.37833E-01   6.08923E-01   6.71665E+03     55   1.45153E-04   9.32532E-02   0.00000E+00   0.00000E+00 ESL        SD         2            6.71652E+01   0.00000E+00   0.00000E+00   0.00000E+00   0.00000E+00   ! otpimp.f
 -2.28079E+00   1.16130E+01   9.90355E-01   3.34786E+00   0.00000E+00   0.00000E+00   0.00000E+00   0.00000E+00   0.00000E+00   0.00000E+00   6.37833E-01   6.08923E-01   6.96554E+03     56   3.74341E-04   9.45178E-02   0.00000E+00   0.00000E+00 BEND       DIP        3            6.96542E+01   0.00000E+00   0.00000E+00   0.00000E+00   0.00000E+00   ! otpimp.f
 -2.66330E+00   1.51543E+01   5.66573E-01   2.23270E+00   0.00000E+00   0.00000E+00   0.00000E+00   0.00000E+00   0.00000E+00   0.00000E+00   6.37833E-01   6.08923E-01   7.03717E+03     57   4.42040E-04   9.45178E-02   0.00000E+00   0.00000E+00 ESL        SD         2            7.03704E+01   0.00000E+00   0.00000E+00   0.00000E+00   0.00000E+00   ! otpimp.f
  2.77985E+00   1.50966E+01  -4.30207E-01   2.17230E+00   0.00000E+00   0.00000E+00   0.00000E+00   0.00000E+00   0.00000E+00   0.00000E+00   6.37833E-01   6.08923E-01   7.08389E+03     58   4.48646E-04  -6.66352E-02   0.00000E+00   0.00000E+00 QUADRUPO   QP         1            7.08376E+01   0.00000E+00   0.00000E+00   0.00000E+00   0.00000E+00   ! otpimp.f
  5.12779E-01   2.18458E+00  -2.56953E+00   1.39357E+01   0.00000E+00   0.00000E+00   0.00000E+00   0.00000E+00   0.00000E+00   0.00000E+00   6.37833E-01   6.08923E-01   7.47604E+03     59   1.87337E-04  -6.66352E-02   0.00000E+00   0.00000E+00 ESL        .          .            7.47591E+01   0.00000E+00   0.00000E+00   0.00000E+00   0.00000E+00   ! otpimp.f
 -5.21379E-01   2.18852E+00   2.65545E+00   1.38912E+01   0.00000E+00   0.00000E+00   0.00000E+00   0.00000E+00   0.00000E+00   0.00000E+00   6.37833E-01   6.08923E-01   7.52467E+03     60   1.71161E-04  -8.96931E-04   0.00000E+00   0.00000E+00 MULTIPOL   QP         5            7.52454E+01   0.00000E+00   0.00000E+00   0.00000E+00   0.00000E+00   ! otpimp.f
 -2.80030E+00   1.52144E+01   3.82541E-01   1.97779E+00   0.00000E+00   0.00000E+00   0.00000E+00   0.00000E+00   0.00000E+00   0.00000E+00   6.37833E-01   6.08923E-01   7.91681E+03     61   1.67644E-04  -8.96931E-04   0.00000E+00   0.00000E+00 ESL        .          .            7.91669E+01   0.00000E+00   0.00000E+00   0.00000E+00   0.00000E+00   ! otpimp.f
  2.68558E+00   1.52712E+01  -5.71399E-01   2.06143E+00   0.00000E+00   0.00000E+00   0.00000E+00   0.00000E+00   0.00000E+00   0.00000E+00   6.37833E-01   6.08923E-01   7.96354E+03     62   1.53455E-04  -5.89937E-02   0.00000E+00   0.00000E+00 QUADRUPO   QP         1            7.96341E+01   0.00000E+00   0.00000E+00   0.00000E+00   0.00000E+00   ! otpimp.f
  2.30040E+00   1.17000E+01  -1.03230E+00   3.21009E+00   0.00000E+00   0.00000E+00   0.00000E+00   0.00000E+00   0.00000E+00   0.00000E+00   6.37833E-01   6.08923E-01   8.03516E+03     63   1.11200E-04  -5.89937E-02   0.00000E+00   0.00000E+00 ESL        SD         2            8.03504E+01   0.00000E+00   0.00000E+00   0.00000E+00   0.00000E+00   ! otpimp.f
  1.06652E+00   3.01535E+00  -2.51372E+00   1.21678E+01   0.00000E+00   0.00000E+00   0.00000E+00   0.00000E+00   0.00000E+00   0.00000E+00   6.37833E-01   6.08923E-01   8.28406E+03     64  -2.68417E-05  -4.70093E-02   0.00000E+00   0.00000E+00 BEND       DIP        3            8.28392E+01   0.00000E+00   0.00000E+00   0.00000E+00   0.00000E+00   ! otpimp.f
  5.58793E-01   1.85121E+00  -2.94454E+00   1.60773E+01   0.00000E+00   0.00000E+00   0.00000E+00   0.00000E+00   0.00000E+00   0.00000E+00   6.37833E-01   6.08923E-01   8.35569E+03     65  -6.05123E-05  -4.70093E-02   0.00000E+00   0.00000E+00 ESL        SD         2            8.35555E+01   0.00000E+00   0.00000E+00   0.00000E+00   0.00000E+00   ! otpimp.f
 -3.89582E-01   1.77356E+00   3.08861E+00   1.60027E+01   0.00000E+00   0.00000E+00   0.00000E+00   0.00000E+00   0.00000E+00   0.00000E+00   6.37833E-01   6.08923E-01   8.40431E+03     66  -8.96276E-05  -7.45406E-02   0.00000E+00   0.00000E+00 MULTIPOL   QP         5            8.40417E+01   0.00000E+00   0.00000E+00   0.00000E+00   0.00000E+00   ! otpimp.f
 -8.54729E-01   2.66480E+00   2.61688E+00   1.19161E+01   0.00000E+00   0.00000E+00   0.00000E+00   0.00000E+00   0.00000E+00   0.00000E+00   6.37833E-01   6.08923E-01   8.47594E+03     67  -1.43018E-04  -7.45406E-02   0.00000E+00   0.00000E+00 ESL        SD         2            8.47580E+01   0.00000E+00   0.00000E+00   0.00000E+00   0.00000E+00   ! otpimp.f
 -2.01784E+00   1.00739E+01   9.86631E-01   2.81434E+00   0.00000E+00   0.00000E+00   0.00000E+00   0.00000E+00   0.00000E+00   0.00000E+00   6.37833E-01   6.08923E-01   8.72483E+03     68  -3.03581E-04  -4.94808E-02   0.00000E+00   0.00000E+00 BEND       DIP        3            8.72468E+01   0.00000E+00   0.00000E+00   0.00000E+00   0.00000E+00   ! otpimp.f
 -2.37844E+00   1.32228E+01   4.84386E-01   1.76072E+00   0.00000E+00   0.00000E+00   0.00000E+00   0.00000E+00   0.00000E+00   0.00000E+00   6.37833E-01   6.08923E-01   8.79646E+03     69  -3.39022E-04  -4.94808E-02   0.00000E+00   0.00000E+00 ESL        SD         2            8.79630E+01   0.00000E+00   0.00000E+00   0.00000E+00   0.00000E+00   ! otpimp.f
  2.37255E+00   1.32257E+01  -4.10653E-01   1.72806E+00   0.00000E+00   0.00000E+00   0.00000E+00   0.00000E+00   0.00000E+00   0.00000E+00   6.37833E-01   6.08923E-01   8.84318E+03     70  -3.33634E-04   7.22237E-02   0.00000E+00   0.00000E+00 QUADRUPO   QP         1            8.84302E+01   0.00000E+00   0.00000E+00   0.00000E+00   0.00000E+00   ! otpimp.f
  2.01355E+00   1.00841E+01  -8.95036E-01   2.66327E+00   0.00000E+00   0.00000E+00   0.00000E+00   0.00000E+00   0.00000E+00   0.00000E+00   6.37833E-01   6.08923E-01   8.91481E+03     71  -2.81903E-04   7.22237E-02   0.00000E+00   0.00000E+00 ESL        SD         2            8.91465E+01   0.00000E+00   0.00000E+00   0.00000E+00   0.00000E+00   ! otpimp.f
  8.57033E-01   2.68071E+00  -2.47118E+00   1.11657E+01   0.00000E+00   0.00000E+00   0.00000E+00   0.00000E+00   0.00000E+00   0.00000E+00   6.37833E-01   6.08923E-01   9.16371E+03     72  -7.82349E-05   9.51507E-02   0.00000E+00   0.00000E+00 BEND       DIP        3            9.16353E+01   0.00000E+00   0.00000E+00   0.00000E+00   0.00000E+00   ! otpimp.f
  3.93592E-01   1.78494E+00  -2.92707E+00   1.50322E+01   0.00000E+00   0.00000E+00   0.00000E+00   0.00000E+00   0.00000E+00   0.00000E+00   6.37833E-01   6.08923E-01   9.23533E+03     73  -1.00826E-05   9.51507E-02   0.00000E+00   0.00000E+00 ESL        SD         2            9.23515E+01   0.00000E+00   0.00000E+00   0.00000E+00   0.00000E+00   ! otpimp.f
 -5.56706E-01   1.85980E+00   2.74132E+00   1.51284E+01   0.00000E+00   0.00000E+00   0.00000E+00   0.00000E+00   0.00000E+00   0.00000E+00   6.37833E-01   6.08923E-01   9.28396E+03     74   3.66688E-05   1.00026E-01   0.00000E+00   0.00000E+00 MULTIPOL   QP         5            9.28378E+01   0.00000E+00   0.00000E+00   0.00000E+00   0.00000E+00   ! otpimp.f
 -1.06119E+00   3.01862E+00   2.33819E+00   1.14902E+01   0.00000E+00   0.00000E+00   0.00000E+00   0.00000E+00   0.00000E+00   0.00000E+00   6.37833E-01   6.08923E-01   9.35558E+03     75   1.08313E-04   1.00026E-01   0.00000E+00   0.00000E+00 ESL        SD         2            9.35541E+01   0.00000E+00   0.00000E+00   0.00000E+00   0.00000E+00   ! otpimp.f
 -2.28577E+00   1.16530E+01   9.53897E-01   3.17342E+00   0.00000E+00   0.00000E+00   0.00000E+00   0.00000E+00   0.00000E+00   0.00000E+00   6.37833E-01   6.08923E-01   9.60448E+03     76   3.56125E-04   1.02646E-01   0.00000E+00   0.00000E+00 BEND       DIP        3            9.60430E+01   0.00000E+00   0.00000E+00   0.00000E+00   0.00000E+00   ! otpimp.f
 -2.66838E+00   1.52014E+01   5.22819E-01   2.11571E+00   0.00000E+00   0.00000E+00   0.00000E+00   0.00000E+00   0.00000E+00   0.00000E+00   6.37833E-01   6.08923E-01   9.67611E+03     77   4.29646E-04   1.02646E-01   0.00000E+00   0.00000E+00 ESL        SD         2            9.67593E+01   0.00000E+00   0.00000E+00   0.00000E+00   0.00000E+00   ! otpimp.f
  2.79133E+00   1.51405E+01  -4.48145E-01   2.08264E+00   0.00000E+00   0.00000E+00   0.00000E+00   0.00000E+00   0.00000E+00   0.00000E+00   6.37833E-01   6.08923E-01   9.72283E+03     78   4.40964E-04  -5.48748E-02   0.00000E+00   0.00000E+00 QUADRUPO   QP         1            9.72265E+01   0.00000E+00   0.00000E+00   0.00000E+00   0.00000E+00   ! otpimp.f
  5.14277E-01   2.17765E+00  -2.70924E+00   1.44643E+01   0.00000E+00   0.00000E+00   0.00000E+00   0.00000E+00   0.00000E+00   0.00000E+00   6.37833E-01   6.08923E-01   1.01150E+04     79   2.25773E-04  -5.48748E-02   0.00000E+00   0.00000E+00 ESL        .          .            1.01148E+02   0.00000E+00   0.00000E+00   0.00000E+00   0.00000E+00   ! otpimp.f
 -5.17798E-01   2.17927E+00   2.72385E+00   1.44567E+01   0.00000E+00   0.00000E+00   0.00000E+00   0.00000E+00   0.00000E+00   0.00000E+00   6.37833E-01   6.08923E-01   1.01636E+04     80   2.19022E-04   2.66878E-02   0.00000E+00   0.00000E+00 MULTIPOL   QP         5            1.01634E+02   0.00000E+00   0.00000E+00   0.00000E+00   0.00000E+00   ! otpimp.f
 -2.79970E+00   1.51888E+01   4.40036E-01   2.04955E+00   0.00000E+00   0.00000E+00   0.00000E+00   0.00000E+00   0.00000E+00   0.00000E+00   6.37833E-01   6.08923E-01   1.05558E+04     81   3.23677E-04   2.66878E-02   0.00000E+00   0.00000E+00 ESL        .          .            1.05556E+02   0.00000E+00   0.00000E+00   0.00000E+00   0.00000E+00   ! otpimp.f
