 # Xing speed a = Gdg/dtta =   8.545326117524143E-007
   1350.20370536873       0.999965580943231            -1200
   1350.23180456873       0.999965002529841            -1190
   1350.25990376873       0.999964409367770            -1180
   1350.28800296873       0.999963801121745            -1170
   1350.31610216873       0.999963177209015            -1160
   1350.34420136873       0.999962537063295            -1150
   1350.37230056873       0.999961880272251            -1140
   1350.40039976873       0.999961206082372            -1130
   1350.42849896873       0.999960513878236            -1120
   1350.45659816873       0.999959803121793            -1110
   1350.48469736873       0.999959073162975            -1100
   1350.51279656873       0.999958323264413            -1090
   1350.54089576873       0.999957552617789            -1080
   1350.56899496873       0.999956760539968            -1070
   1350.59709416873       0.999955946248844            -1060
   1350.62519336873       0.999955108863097            -1050
   1350.65329256873       0.999954247552636            -1040
   1350.68139176873       0.999953361405065            -1030
   1350.70949096873       0.999952449445753            -1020
   1350.73759016873       0.999951510654902            -1010
   1350.76568936873       0.999950543992545            -1000
   1350.79378856873       0.999949548389136             -990
   1350.82188776873       0.999948522701930             -980
   1350.84998696873       0.999947465689454             -970
   1350.87808616873       0.999946376040736             -960
   1350.90618536873       0.999945252427499             -950
   1350.93428456873       0.999944093505699             -940
   1350.96238376873       0.999942897811694             -930
   1350.99048296873       0.999941663736668             -920
   1351.01858216873       0.999940389673122             -910
   1351.04668136873       0.999939073863151             -900
   1351.07478056873       0.999937714481665             -890
   1351.10287976873       0.999936309714815             -880
   1351.13097896873       0.999934857465163             -870
   1351.15907816873       0.999933355664882             -860
   1351.18717736873       0.999931802075235             -850
   1351.21527656873       0.999930194259640             -840
   1351.24337576873       0.999928529796599             -830
   1351.27147496873       0.999926806000711             -820
   1351.29957416873       0.999925020094737             -810
   1351.32767336873       0.999923169175661             -800
   1351.35577256873       0.999921250087830             -790
   1351.38387176873       0.999919259538437             -780
   1351.41197096873       0.999917194011836             -770
   1351.44007016873       0.999915049761934             -760
   1351.46816936873       0.999912822901636             -750
   1351.49626856873       0.999910509224727             -740
   1351.52436776873       0.999908104343697             -730
   1351.55246696873       0.999905603545402             -720
   1351.58056616873       0.999903001816177             -710
   1351.60866536873       0.999900293838390             -700
   1351.63676456873       0.999897473883655             -690
   1351.66486376873       0.999894536004402             -680
   1351.69296296873       0.999891473724025             -670
   1351.72106216873       0.999888280323244             -660
   1351.74916136873       0.999884948394775             -650
   1351.77726056873       0.999881470233947             -640
   1351.80535976873       0.999877837508840             -630
   1351.83345896873       0.999874041334070             -620
   1351.86155816873       0.999870072278378             -610
   1351.88965736873       0.999865920170917             -600
   1351.91775656873       0.999861574189544             -590
   1351.94585576873       0.999857022723788             -580
   1351.97395496873       0.999852253413701             -570
   1352.00205416873       0.999847252882034             -560
   1352.03015336873       0.999842006923825             -550
   1352.05825256873       0.999836500201094             -540
   1352.08635176873       0.999830716287580             -530
   1352.11445096873       0.999824637580908             -520
   1352.14255016873       0.999818245105132             -510
   1352.17064936873       0.999811518494609             -500
   1352.19874856873       0.999804435882675             -490
   1352.22684776873       0.999796973704387             -480
   1352.25494696873       0.999789106598328             -470
   1352.28304616873       0.999780807354873             -460
   1352.31114536873       0.999772046496623             -450
   1352.33924456873       0.999762792345262             -440
   1352.36734376873       0.999753010744457             -430
   1352.39544296873       0.999742664887847             -420
   1352.42354216873       0.999731714960564             -410
   1352.45164136873       0.999720118146636             -400
   1352.47974056873       0.999707828092283             -390
   1352.50783976873       0.999694794838089             -380
   1352.53593896873       0.999680964378347             -370
   1352.56403816873       0.999666278419896             -360
   1352.59213736873       0.999650673894524             -350
   1352.62023656873       0.999634082794171             -340
   1352.64833576873       0.999616431486394             -330
   1352.67643496873       0.999597640460462             -320
   1352.70453416873       0.999577623790500             -310
   1352.73263336873       0.999556288619604             -300
   1352.76073256873       0.999533534627108             -290
   1352.78883176873       0.999509253375171             -280
   1352.81693096873       0.999483327809870             -270
   1352.84503016873       0.999455631497478             -260
   1352.87312936873       0.999426027962829             -250
   1352.90122856873       0.999394369932234             -240
   1352.92932776873       0.999360498582385             -230
   1352.95742696873       0.999324242733811             -220
   1352.98552616873       0.999285417960062             -210
   1353.01362536873       0.999243825759681             -200
   1353.04172456873       0.999199252641686             -190
   1353.06982376873       0.999151469210037             -180
   1353.09792296873       0.999100229237670             -170
   1353.12602216873       0.999045268744446             -160
   1353.15412136873       0.998986305080576             -150
   1353.18222056873       0.998923036050014             -140
   1353.21031976873       0.998855139072788             -130
   1353.23841896873       0.998782270421014             -120
   1353.26651816873       0.998704064549432             -110
   1353.29461736873       0.998620133551711             -100
   1353.32271656873       0.998530066777384              -90
   1353.35081576873       0.998433430649401              -80
   1353.37891496873       0.998329768727459              -70
   1353.40701416873       0.998218602070200              -60
   1353.43511336873       0.998099429951041              -50
   1353.46321256873       0.997971730994672              -40
   1353.49131176873       0.997834964803344              -30
   1353.51941096873       0.997688574150604              -20
   1353.54751016873       0.997531987826043              -10
   1353.57560936873       0.997364624220475                0
   1353.57841928873       0.997347272512057                1
   1353.60651848873       0.997167375157667               11
   1353.63461768873       0.996975466102625               21
   1353.66271688873       0.996770963868299               31
   1353.69081608873       0.996553301082784               41
   1353.71891528873       0.996321933369794               51
   1353.74701448873       0.996076349576202               61
   1353.77511368873       0.995816083421886               71
   1353.80321288873       0.995540726640995               81
   1353.83131208873       0.995249943665410               91
   1353.85941128873       0.994943487866234              101
   1353.88751048873       0.994621219353582              111
   1353.91560968873       0.994283124267792              121
   1353.94370888873       0.993929335463742              131
   1353.97180808873       0.993560154418382              141
   1353.99990728873       0.993176074122304              151
   1354.02800648873       0.992777802633372              161
   1354.05610568873       0.992366286845723              171
   1354.08420488873       0.991942736090771              181
   1354.11230408873       0.991508644666846              191
   1354.14040328873       0.991065812842584              201
   1354.16850248873       0.990616365275161              211
   1354.19660168873       0.990162765900412              221
   1354.22470088873       0.989707828168908              231
   1354.25280008873       0.989254719505642              241
   1354.28089928873       0.988806958164981              251
   1354.30899848873       0.988368402198793              261
   1354.33709768873       0.987943227733094              271
   1354.36519688873       0.987535896330011              281
   1354.39329608873       0.987151109441374              291
   1354.42139528873       0.986793748937395              301
   1354.44949448873       0.986468803581895              311
   1354.47759368873       0.986181278976814              321
   1354.50569288873       0.985936093404144              331
   1354.53379208873       0.985737957710606              341
   1354.56189128873       0.985591241836948              351
   1354.58999048873       0.985499829491018              361
   1354.61808968873       0.985466962096696              371
   1354.64618888873       0.985495079800835              381
   1354.67428808873       0.985585658343939              391
   1354.70238728873       0.985739053066371              401
   1354.73048648873       0.985954351950170              411
   1354.75858568873       0.986229249283836              421
   1354.78668488873       0.986559942215214              431
   1354.81478408873       0.986941065757522              441
   1354.84288328873       0.987365667220337              451
   1354.87098248873       0.987825232712599              461
   1354.89908168873       0.988309772738183              471
   1354.92718088873       0.988807969032117              481
   1354.95528008873       0.989307391846264              491
   1354.98337928873       0.989794785940195              501
   1355.01147848873       0.990256424235969              511
   1355.03957768873       0.990678527873089              521
   1355.06767688873       0.991047740081013              531
   1355.09577608873       0.991351644600265              541
   1355.12387528873       0.991579312436909              551
   1355.15197448873       0.991721852836975              561
   1355.18007368873       0.991772948308122              571
   1355.20817288873       0.991729342724205              581
   1355.23627208873       0.991591250551276              591
   1355.26437128873       0.991362659640357              601
   1355.29247048873       0.991051489554066              611
   1355.32056968873       0.990669578426822              621
   1355.34866888873       0.990232473913910              631
   1355.37676808873       0.989759006565691              641
   1355.40486728873       0.989270640401384              651
   1355.43296648873       0.988790602269397              661
   1355.46106568873       0.988342812860920              671
   1355.48916488873       0.987950657120710              681
   1355.51726408873       0.987635645116070              691
   1355.54536328873       0.987416044588237              701
   1355.57346248873       0.987305565683218              711
   1355.60156168873       0.987312201499215              721
   1355.62966088873       0.987437320680863              731
   1355.65776008873       0.987675114130512              741
   1355.68585928873       0.988012474869690              751
   1355.71395848873       0.988429374958715              761
   1355.74205768873       0.988899766650368              771
   1355.77015688873       0.989392992297336              781
   1355.79825608873       0.989875661483186              791
   1355.82635528873       0.990313885192827              801
   1355.85445448873       0.990675745920879              811
   1355.88255368873       0.990933816071211              821
   1355.91065288873       0.991067545284162              831
   1355.93875208873       0.991065291757303              841
   1355.96685128873       0.990925798654180              851
   1355.99495048873       0.990658931573889              861
   1356.02304968873       0.990285521021759              871
   1356.05114888873       0.989836235647591              881
   1356.07924808873       0.989349465456854              891
   1356.10734728873       0.988868310681280              901
   1356.13544648873       0.988436860530673              911
   1356.16354568873       0.988096059873463              921
   1356.19164488873       0.987879543526409              931
   1356.21974408873       0.987809871143177              941
   1356.24784328873       0.987895616844158              951
   1356.27594248873       0.988129728079519              961
   1356.30404168873       0.988489445897193              971
   1356.33214088873       0.988937962274660              981
   1356.36024008873       0.989427755382712              991
   1356.38833928873       0.989905366387380             1001
   1356.41643848873       0.990317179337805             1011
   1356.44453768873       0.990615599417790             1021
   1356.47263688873       0.990764922143986             1031
   1356.50073608873       0.990746162578217             1041
   1356.52883528873       0.990560169234816             1051
   1356.55693448873       0.990228484001755             1061
   1356.58503368873       0.989791633388828             1071
   1356.61313288873       0.989304835611897             1081
   1356.64123208873       0.988831453907635             1091
   1356.66933128873       0.988434873141988             1101
   1356.69743048873       0.988169804132097             1111
   1356.72552968873       0.988074205705188             1121
   1356.75362888873       0.988163090825009             1131
   1356.78172808873       0.988425314489119             1141
   1356.80982728873       0.988824080571628             1151
   1356.83792648873       0.989301368897156             1161
   1356.86602568873       0.989785890323606             1171
   1356.89412488873       0.990203540511610             1181
   1356.92222408873       0.990488881076144             1191
   1356.95032328873       0.990595858576900             1201
   1356.97842248873       0.990506003570747             1211
   1357.00652168873       0.990232584526905             1221
   1357.03462088873       0.989819718252713             1231
   1357.06272008873       0.989336233962220             1241
   1357.09081928873       0.988864767099382             1251
   1357.11891848873       0.988488050538058             1261
   1357.14701768873       0.988273760186002             1271
   1357.17511688873       0.988262007162012             1281
   1357.20321608873       0.988456359614378             1291
   1357.23131528873       0.988822282902228             1301
   1357.25941448873       0.989291830576977             1311
   1357.28751368873       0.989775590635699             1321
   1357.31561288873       0.990179029347082             1331
   1357.34371208873       0.990422901447372             1341
   1357.37181128873       0.990459239568679             1351
   1357.39991048873       0.990277632205028             1361
   1357.42800968873       0.989912046200921             1371
   1357.45610888873       0.989433020117197             1381
   1357.48420808873       0.988968554623142             1391
 # Resonant kin-E =    1353.57560936873       MeV
 # at theoretical turn# E_r/(dW/dTurn) =    481713.219368781     
